<?xml version="1.0" encoding="UTF-8" standalone="no"?><testsuite errors="0" failures="0" name="Login" skipped="0" tests="7" time="83.27" timestamp="2022-10-05 05:29:00"><testcase name="Open login page"/><testcase name="Login with valid username and password"/><testcase name="Login with invalid username and valid password"/><testcase name="Login with valid username and invalid password"/><testcase name="Login with empty username and password"/><testcase name="Login with empty username and valid password"/><testcase name="Login with valid username and empty password"/></testsuite>