-------------------------------------------------------------------------------
Test set: Limit User Results
-------------------------------------------------------------------------------
Tests run: 2, Failures: 0, Errors: 1, Skipped: 0, Time elapsed: 17.6 s <<< FAILURE! - in Limit User Results
Limit User Results.Limit results with alphabet  Time elapsed: 3.987 s  <<< ERROR!
net.serenitybdd.core.exceptions.SerenityManagedException: 
1 expectation failed.
Expected status code <400> but was <200>.


