<?xml version="1.0" encoding="UTF-8"?>
<testsuite xmlns:xsi="http://www.w3.org/2001/XMLSchema-instance" xsi:noNamespaceSchemaLocation="https://maven.apache.org/surefire/maven-failsafe-plugin/xsd/failsafe-test-report-3.0.xsd" version="3.0" name="CucumberTestSuite" time="100.858" tests="7" errors="0" skipped="0" failures="0">
  <properties>
[...]
</properties>
  <testcase name="Open login page" classname="Login" time="20.152">
    <system-out><![CDATA[17:28:59.551 [main] INFO io.cucumber.core.plugin.SerenityReporter - Running feature from file:///C:/Users/ASUS/Desktop/stupen/repo/21_Review%20Web%20UI%20Testing%20with%20Serenity/Praktikum/qaBooks/src/test/resources/features/Login.feature
17:28:59.760 [main] INFO  - 

-------------------------------------------------------------------------------------
     _______. _______ .______       _______ .__   __.  __  .___________.____    ____ 
    /       ||   ____||   _  \     |   ____||  \ |  | |  | |           |\   \  /   / 
   |   (----`|  |__   |  |_)  |    |  |__   |   \|  | |  | `---|  |----` \   \/   /  
    \   \    |   __|  |      /     |   __|  |  . `  | |  |     |  |       \_    _/   
.----)   |   |  |____ |  |\  \----.|  |____ |  |\   | |  |     |  |         |  |     
|_______/    |_______|| _| `._____||_______||__| \__| |__|     |__|         |__|    
                                                                                     
 News and tutorials at http://www.serenity-bdd.info                                  
 Documentation at https://wakaleo.gitbooks.io/the-serenity-book/content/             
 Join the Serenity Community on Gitter: https://gitter.im/serenity-bdd/serenity-core 
 Serenity BDD Support and Training at http://serenity-bdd.info/#/trainingandsupport  
-------------------------------------------------------------------------------------

17:28:59.763 [main] DEBUG net.thucydides.core.steps.StepEventBus - Test suite started for story net.thucydides.core.model.Story@23282f08
17:28:59.770 [main] INFO  - Test Suite Started: Login
17:28:59.789 [main] INFO io.cucumber.core.plugin.SerenityReporter - Running feature from file:///C:/Users/ASUS/Desktop/stupen/repo/21_Review%20Web%20UI%20Testing%20with%20Serenity/Praktikum/qaBooks/src/test/resources/features/Login.feature
17:28:59.794 [main] DEBUG net.thucydides.core.steps.StepEventBus - Test suite started for story net.thucydides.core.model.Story@23282f08
17:28:59.795 [main] INFO  - Test Suite Started: Login

Scenario: Open login page      &amp#27;[90m# src/test/resources/features/Login.feature:6&amp#27;[0m
17:28:59.931 [main] INFO io.cucumber.core.plugin.SerenityReporter - Running feature from file:///C:/Users/ASUS/Desktop/stupen/repo/21_Review%20Web%20UI%20Testing%20with%20Serenity/Praktikum/qaBooks/src/test/resources/features/Login.feature
17:29:00.072 [main] INFO  - 
  _____   ___   ___   _____     ___   _____     _     ___   _____   ___   ___  
 |_   _| | __| / __| |_   _|   / __| |_   _|   /_\   | _ \ |_   _| | __| |   \ 
   | |   | _|  \__ \   | |     \__ \   | |    / _ \  |   /   | |   | _|  | |) |
   |_|   |___| |___/   |_|     |___/   |_|   /_/ \_\ |_|_\   |_|   |___| |___/ 

Open login page(login;open-login-page)
--------------------------------------------------------------------------------
17:29:01.051 [main] INFO net.serenitybdd.core.webdriver.driverproviders.ChromeDriverProvider - Using automatically driver download
17:29:02.070 [main] DEBUG io.github.bonigarcia.wdm.cache.ResolutionCache - Resolution chrome=106 in cache (valid until 17:53:10 05/10/2022 WIB)
17:29:02.080 [main] DEBUG io.github.bonigarcia.wdm.cache.ResolutionCache - Resolution chrome106=106.0.5249.61 in cache (valid until 14:14:44 06/10/2022 WIB)
17:29:02.084 [main] INFO io.github.bonigarcia.wdm.WebDriverManager - Using chromedriver 106.0.5249.61 (resolved driver for Chrome 106)
17:29:02.105 [main] DEBUG io.github.bonigarcia.wdm.WebDriverManager - Driver chromedriver 106.0.5249.61 found in cache
17:29:02.107 [main] INFO io.github.bonigarcia.wdm.WebDriverManager - Exporting webdriver.chrome.driver as C:\Users\ASUS\.cache\selenium\chromedriver\win32\106.0.5249.61\chromedriver.exe
17:29:02.792 [main] DEBUG net.thucydides.core.reflection.ClassFinder - Could not load class .CucumberTestSuite
17:29:02.792 [main] DEBUG net.thucydides.core.reflection.ClassFinder - Could not load class .starter.pages.LoginPage
17:29:02.793 [main] DEBUG net.thucydides.core.reflection.ClassFinder - Could not load class .starter.stepdefinitions.LoginStep
17:29:02.793 [main] DEBUG net.thucydides.core.reflection.ClassFinder - Could not load class META-INF.versions.9.com.sun.istack.logging.StackHelper
17:29:02.794 [main] DEBUG net.thucydides.core.reflection.ClassFinder - Could not load class META-INF.versions.9.com.sun.xml.bind.v2.runtime.reflect.opt.AccessorInjector
17:29:02.794 [main] DEBUG net.thucydides.core.reflection.ClassFinder - Could not load class META-INF.versions.9.com.sun.xml.bind.v2.runtime.reflect.opt.Injector
17:29:02.794 [main] DEBUG net.thucydides.core.reflection.ClassFinder - Could not load class META-INF.versions.9.com.sun.xml.bind.v2.runtime.reflect.opt.OptimizedAccessorFactory
17:29:02.795 [main] DEBUG net.thucydides.core.reflection.ClassFinder - Could not load class META-INF.versions.9.com.sun.xml.bind.v2.runtime.reflect.opt.OptimizedTransducedAccessorFactory
17:29:02.795 [main] DEBUG net.thucydides.core.reflection.ClassFinder - Could not load class META-INF.versions.9.io.opentelemetry.sdk.internal.CurrentJavaVersionSpecific
17:29:02.795 [main] DEBUG net.thucydides.core.reflection.ClassFinder - Could not load class META-INF.versions.9.io.opentelemetry.sdk.internal.Java9VersionSpecific
17:29:02.796 [main] DEBUG net.thucydides.core.reflection.ClassFinder - Could not load class META-INF.versions.9.javax.xml.bind.ModuleUtil
17:29:02.796 [main] DEBUG net.thucydides.core.reflection.ClassFinder - Could not load class META-INF.versions.9.module-info
17:29:02.797 [main] DEBUG net.thucydides.core.reflection.ClassFinder - Could not load class META-INF.versions.9.org.junit.platform.commons.util.ModuleUtils
17:29:03.139 [main] DEBUG net.thucydides.core.reflection.ClassFinder - Could not load class com.google.gson.internal.
17:29:03.328 [main] DEBUG net.thucydides.core.reflection.ClassFinder - Could not load class com.sun.xml.bind.v2.runtime.output.FastInfosetStreamWriterOutput
17:29:03.786 [main] DEBUG net.thucydides.core.reflection.ClassFinder - Could not load class module-info
17:29:06.782 [main] DEBUG io.netty.util.internal.logging.InternalLoggerFactory - Using SLF4J as the default logging framework
17:29:06.786 [main] DEBUG io.netty.util.ResourceLeakDetector - -Dio.netty.leakDetection.level: simple
17:29:06.786 [main] DEBUG io.netty.util.ResourceLeakDetector - -Dio.netty.leakDetection.targetRecords: 4
17:29:06.790 [main] DEBUG io.netty.util.ResourceLeakDetectorFactory - Loaded default ResourceLeakDetector: io.netty.util.ResourceLeakDetector@6c3a3d87
17:29:06.811 [main] DEBUG io.netty.util.internal.PlatformDependent0 - -Dio.netty.noUnsafe: false
17:29:06.811 [main] DEBUG io.netty.util.internal.PlatformDependent0 - Java version: 13
17:29:06.812 [main] DEBUG io.netty.util.internal.PlatformDependent0 - sun.misc.Unsafe.theUnsafe: available
17:29:06.813 [main] DEBUG io.netty.util.internal.PlatformDependent0 - sun.misc.Unsafe.copyMemory: available
17:29:06.813 [main] DEBUG io.netty.util.internal.PlatformDependent0 - java.nio.Buffer.address: available
17:29:06.814 [main] DEBUG io.netty.util.internal.PlatformDependent0 - direct buffer constructor: unavailable: Reflective setAccessible(true) disabled
17:29:06.814 [main] DEBUG io.netty.util.internal.PlatformDependent0 - java.nio.Bits.unaligned: available, true
17:29:06.815 [main] DEBUG io.netty.util.internal.PlatformDependent0 - jdk.internal.misc.Unsafe.allocateUninitializedArray(int): unavailable: class io.netty.util.internal.PlatformDependent0$6 cannot access class jdk.internal.misc.Unsafe (in module java.base) because module java.base does not export jdk.internal.misc to unnamed module @26b894bd
17:29:06.818 [main] DEBUG io.netty.util.internal.PlatformDependent0 - java.nio.DirectByteBuffer.<init>(long, int): unavailable
17:29:06.818 [main] DEBUG io.netty.util.internal.PlatformDependent - sun.misc.Unsafe: available
17:29:06.821 [main] DEBUG io.netty.util.internal.PlatformDependent - maxDirectMemory: 2109734912 bytes (maybe)
17:29:06.821 [main] DEBUG io.netty.util.internal.PlatformDependent - -Dio.netty.tmpdir: C:\Users\ASUS\AppData\Local\Temp (java.io.tmpdir)
17:29:06.821 [main] DEBUG io.netty.util.internal.PlatformDependent - -Dio.netty.bitMode: 64 (sun.arch.data.model)
17:29:06.821 [main] DEBUG io.netty.util.internal.PlatformDependent - Platform: Windows
17:29:06.822 [main] DEBUG io.netty.util.internal.PlatformDependent - -Dio.netty.maxDirectMemory: -1 bytes
17:29:06.822 [main] DEBUG io.netty.util.internal.PlatformDependent - -Dio.netty.uninitializedArrayAllocationThreshold: -1
17:29:06.823 [main] DEBUG io.netty.util.internal.CleanerJava9 - java.nio.ByteBuffer.cleaner(): available
17:29:06.823 [main] DEBUG io.netty.util.internal.PlatformDependent - -Dio.netty.noPreferDirect: false
17:29:06.831 [main] DEBUG io.netty.util.internal.PlatformDependent - org.jctools-core.MpscChunkedArrayQueue: available
17:29:06.851 [main] DEBUG io.netty.util.internal.InternalThreadLocalMap - -Dio.netty.threadLocalMap.stringBuilder.initialSize: 1024
17:29:06.851 [main] DEBUG io.netty.util.internal.InternalThreadLocalMap - -Dio.netty.threadLocalMap.stringBuilder.maxSize: 4096
17:29:06.923 [main] DEBUG io.netty.handler.ssl.JdkSslContext - Default protocols (JDK): [TLSv1.3, TLSv1.2, TLSv1.1, TLSv1] 
17:29:06.923 [main] DEBUG io.netty.handler.ssl.JdkSslContext - Default cipher suites (JDK): [TLS_ECDHE_ECDSA_WITH_AES_256_GCM_SHA384, TLS_ECDHE_ECDSA_WITH_AES_128_GCM_SHA256, TLS_ECDHE_RSA_WITH_AES_128_GCM_SHA256, TLS_ECDHE_RSA_WITH_AES_256_GCM_SHA384, TLS_ECDHE_RSA_WITH_AES_128_CBC_SHA, TLS_ECDHE_RSA_WITH_AES_256_CBC_SHA, TLS_RSA_WITH_AES_128_GCM_SHA256, TLS_RSA_WITH_AES_128_CBC_SHA, TLS_RSA_WITH_AES_256_CBC_SHA, TLS_AES_128_GCM_SHA256, TLS_AES_256_GCM_SHA384]
17:29:06.953 [main] DEBUG io.netty.channel.MultithreadEventLoopGroup - -Dio.netty.eventLoopThreads: 16
17:29:06.962 [main] DEBUG io.netty.channel.nio.NioEventLoop - -Dio.netty.noKeySetOptimization: false
17:29:06.963 [main] DEBUG io.netty.channel.nio.NioEventLoop - -Dio.netty.selectorAutoRebuildThreshold: 512
17:29:07.205 [main] DEBUG io.netty.buffer.PooledByteBufAllocator - -Dio.netty.allocator.numHeapArenas: 16
17:29:07.205 [main] DEBUG io.netty.buffer.PooledByteBufAllocator - -Dio.netty.allocator.numDirectArenas: 16
17:29:07.205 [main] DEBUG io.netty.buffer.PooledByteBufAllocator - -Dio.netty.allocator.pageSize: 8192
17:29:07.205 [main] DEBUG io.netty.buffer.PooledByteBufAllocator - -Dio.netty.allocator.maxOrder: 11
17:29:07.205 [main] DEBUG io.netty.buffer.PooledByteBufAllocator - -Dio.netty.allocator.chunkSize: 16777216
17:29:07.205 [main] DEBUG io.netty.buffer.PooledByteBufAllocator - -Dio.netty.allocator.smallCacheSize: 256
17:29:07.205 [main] DEBUG io.netty.buffer.PooledByteBufAllocator - -Dio.netty.allocator.normalCacheSize: 64
17:29:07.205 [main] DEBUG io.netty.buffer.PooledByteBufAllocator - -Dio.netty.allocator.maxCachedBufferCapacity: 32768
17:29:07.205 [main] DEBUG io.netty.buffer.PooledByteBufAllocator - -Dio.netty.allocator.cacheTrimInterval: 8192
17:29:07.205 [main] DEBUG io.netty.buffer.PooledByteBufAllocator - -Dio.netty.allocator.cacheTrimIntervalMillis: 0
17:29:07.205 [main] DEBUG io.netty.buffer.PooledByteBufAllocator - -Dio.netty.allocator.useCacheForAllThreads: true
17:29:07.205 [main] DEBUG io.netty.buffer.PooledByteBufAllocator - -Dio.netty.allocator.maxCachedByteBuffersPerChunk: 1023
17:29:07.231 [main] DEBUG io.netty.buffer.ByteBufUtil - -Dio.netty.allocator.type: pooled
17:29:07.231 [main] DEBUG io.netty.buffer.ByteBufUtil - -Dio.netty.threadLocalDirectBufferSize: 0
17:29:07.231 [main] DEBUG io.netty.buffer.ByteBufUtil - -Dio.netty.maxThreadLocalCharBufferSize: 16384
17:29:07.441 [main] DEBUG net.serenitybdd.core.webdriver.driverproviders.ProvideNewDriver - Instantiating driver
17:29:07.441 [main] DEBUG net.serenitybdd.core.webdriver.driverproviders.ProvideNewDriver - Driver capabilities: Capabilities {acceptInsecureCerts: false, base.url: https://demoqa.com/books, browserName: chrome, chrome.driver: src/test/resources/webdrive..., driver: chrome, goog:chromeOptions: {args: [], extensions: []}}
17:29:08.218 [Forwarding newSession on session null to remote] DEBUG io.netty.channel.DefaultChannelId - -Dio.netty.processId: 13388 (auto-detected)
17:29:08.220 [Forwarding newSession on session null to remote] DEBUG io.netty.util.NetUtil - -Djava.net.preferIPv4Stack: false
17:29:08.220 [Forwarding newSession on session null to remote] DEBUG io.netty.util.NetUtil - -Djava.net.preferIPv6Addresses: false
17:29:08.410 [Forwarding newSession on session null to remote] DEBUG io.netty.util.NetUtilInitializations - Loopback interface: lo (Software Loopback Interface 1, 127.0.0.1)
17:29:08.411 [Forwarding newSession on session null to remote] DEBUG io.netty.util.NetUtil - Failed to get SOMAXCONN from sysctl and file \proc\sys\net\core\somaxconn. Default: 200
17:29:08.606 [Forwarding newSession on session null to remote] DEBUG io.netty.channel.DefaultChannelId - -Dio.netty.machineId: d4:d2:52:ff:fe:a4:e5:f7 (auto-detected)
17:29:08.664 [AsyncHttpClient-1-2] DEBUG io.netty.buffer.AbstractByteBuf - -Dio.netty.buffer.checkAccessible: true
17:29:08.665 [AsyncHttpClient-1-2] DEBUG io.netty.buffer.AbstractByteBuf - -Dio.netty.buffer.checkBounds: true
17:29:08.665 [AsyncHttpClient-1-2] DEBUG io.netty.util.ResourceLeakDetectorFactory - Loaded default ResourceLeakDetector: io.netty.util.ResourceLeakDetector@728538b5
17:29:08.682 [AsyncHttpClient-1-2] DEBUG org.asynchttpclient.netty.channel.NettyConnectListener - Using new Channel '[id: 0x28be3351, L:/127.0.0.1:57687 - R:localhost/127.0.0.1:58654]' for 'POST' to '/session'
17:29:08.703 [AsyncHttpClient-1-2] DEBUG io.netty.util.Recycler - -Dio.netty.recycler.maxCapacityPerThread: 4096
17:29:08.703 [AsyncHttpClient-1-2] DEBUG io.netty.util.Recycler - -Dio.netty.recycler.ratio: 8
17:29:08.703 [AsyncHttpClient-1-2] DEBUG io.netty.util.Recycler - -Dio.netty.recycler.chunkSize: 32
17:29:08.703 [AsyncHttpClient-1-2] DEBUG io.netty.util.Recycler - -Dio.netty.recycler.blocking: false
17:29:10.048 [AsyncHttpClient-1-2] DEBUG io.netty.handler.codec.compression.Brotli - brotli4j not in the classpath; Brotli support will be unavailable.
17:29:10.049 [AsyncHttpClient-1-2] DEBUG org.asynchttpclient.netty.handler.HttpHandler - 

Request DefaultHttpRequest(decodeResult: success, version: HTTP/1.1)
POST /session HTTP/1.1
User-Agent: selenium/4.1.2 (java windows)
Content-Length: 610
Content-Type: application/json; charset=utf-8
host: localhost:58654
accept: */*

Response DefaultHttpResponse(decodeResult: success, version: HTTP/1.1)
HTTP/1.1 200 OK
Content-Type: application/json; charset=utf-8
cache-control: no-cache
content-length: 789

17:29:10.067 [AsyncHttpClient-1-2] DEBUG org.asynchttpclient.netty.channel.ChannelManager - Adding key: http://localhost:58654 for channel [id: 0x28be3351, L:/127.0.0.1:57687 - R:localhost/127.0.0.1:58654]
17:29:10.138 [AsyncHttpClient-1-1] DEBUG org.asynchttpclient.netty.channel.DefaultChannelPool - Entry count for : http://localhost:58654 : 1
17:29:10.210 [AsyncHttpClient-1-3] DEBUG org.asynchttpclient.netty.channel.NettyConnectListener - Using new Channel '[id: 0xfa991f19, L:/127.0.0.1:57695 - R:localhost/127.0.0.1:57688]' for 'GET' to '/json/version'
17:29:10.224 [AsyncHttpClient-1-3] DEBUG org.asynchttpclient.netty.handler.HttpHandler - 

Request DefaultFullHttpRequest(decodeResult: success, version: HTTP/1.1, content: EmptyByteBufBE)
GET /json/version HTTP/1.1
User-Agent: selenium/4.1.2 (java windows)
host: localhost:57688
accept: */*

Response DefaultHttpResponse(decodeResult: success, version: HTTP/1.1)
HTTP/1.1 200 OK
Content-Type: application/json; charset=UTF-8
content-length: 423

17:29:10.225 [AsyncHttpClient-1-3] DEBUG org.asynchttpclient.netty.channel.ChannelManager - Adding key: http://localhost:57688 for channel [id: 0xfa991f19, L:/127.0.0.1:57695 - R:localhost/127.0.0.1:57688]
17:29:10.250 [main] DEBUG io.netty.util.internal.ThreadLocalRandom - -Dio.netty.initialSeedUniquifier: 0x1d105c7a1d93f365
17:29:10.267 [AsyncHttpClient-1-4] DEBUG org.asynchttpclient.netty.channel.NettyConnectListener - Using new Channel '[id: 0x49ca43ed, L:/127.0.0.1:57696 - R:localhost/127.0.0.1:57688]' for 'GET' to '/devtools/browser/4e94134d-5fe3-473b-8692-318d885b74bc'
17:29:10.276 [AsyncHttpClient-1-4] DEBUG org.asynchttpclient.netty.handler.WebSocketHandler - 

Request DefaultFullHttpRequest(decodeResult: success, version: HTTP/1.1, content: EmptyByteBufBE)
GET /devtools/browser/4e94134d-5fe3-473b-8692-318d885b74bc HTTP/1.1
upgrade: websocket
connection: upgrade
sec-websocket-key: FpvViCXW/L4xXXaryurFLA==
sec-websocket-version: 13
origin: http://localhost:57688
host: localhost:57688
accept: */*
user-agent: AHC/2.1

Response DefaultHttpResponse(decodeResult: success, version: HTTP/1.1)
HTTP/1.1 101 WebSocket Protocol Handshake
Upgrade: WebSocket
Connection: Upgrade
Sec-WebSocket-Accept: bkG6oV2utDzUViHQsNNkAEFrePA=

17:29:11.237 [AsyncHttpClient-1-1] DEBUG org.asynchttpclient.netty.channel.DefaultChannelPool - Entry count for : http://localhost:57688 : 1
17:29:11.237 [AsyncHttpClient-1-1] DEBUG org.asynchttpclient.netty.channel.DefaultChannelPool - Entry count for : http://localhost:58654 : 1
17:29:11.263 [main] DEBUG net.thucydides.core.reflection.ClassFinder - Could not load class .CucumberTestSuite
17:29:11.263 [main] DEBUG net.thucydides.core.reflection.ClassFinder - Could not load class .starter.pages.LoginPage
17:29:11.263 [main] DEBUG net.thucydides.core.reflection.ClassFinder - Could not load class .starter.stepdefinitions.LoginStep
17:29:11.263 [main] DEBUG net.thucydides.core.reflection.ClassFinder - Could not load class META-INF.versions.9.com.sun.istack.logging.StackHelper
17:29:11.264 [main] DEBUG net.thucydides.core.reflection.ClassFinder - Could not load class META-INF.versions.9.com.sun.xml.bind.v2.runtime.reflect.opt.AccessorInjector
17:29:11.264 [main] DEBUG net.thucydides.core.reflection.ClassFinder - Could not load class META-INF.versions.9.com.sun.xml.bind.v2.runtime.reflect.opt.Injector
17:29:11.264 [main] DEBUG net.thucydides.core.reflection.ClassFinder - Could not load class META-INF.versions.9.com.sun.xml.bind.v2.runtime.reflect.opt.OptimizedAccessorFactory
17:29:11.265 [main] DEBUG net.thucydides.core.reflection.ClassFinder - Could not load class META-INF.versions.9.com.sun.xml.bind.v2.runtime.reflect.opt.OptimizedTransducedAccessorFactory
17:29:11.265 [main] DEBUG net.thucydides.core.reflection.ClassFinder - Could not load class META-INF.versions.9.io.opentelemetry.sdk.internal.CurrentJavaVersionSpecific
17:29:11.265 [main] DEBUG net.thucydides.core.reflection.ClassFinder - Could not load class META-INF.versions.9.io.opentelemetry.sdk.internal.Java9VersionSpecific
17:29:11.266 [main] DEBUG net.thucydides.core.reflection.ClassFinder - Could not load class META-INF.versions.9.javax.xml.bind.ModuleUtil
17:29:11.266 [main] DEBUG net.thucydides.core.reflection.ClassFinder - Could not load class META-INF.versions.9.module-info
17:29:11.266 [main] DEBUG net.thucydides.core.reflection.ClassFinder - Could not load class META-INF.versions.9.org.junit.platform.commons.util.ModuleUtils
17:29:11.269 [main] DEBUG net.thucydides.core.reflection.ClassFinder - Could not load class com.google.gson.internal.
17:29:11.270 [main] DEBUG net.thucydides.core.reflection.ClassFinder - Could not load class com.sun.xml.bind.v2.runtime.output.FastInfosetStreamWriterOutput
17:29:11.272 [main] DEBUG net.thucydides.core.reflection.ClassFinder - Could not load class module-info
17:29:11.291 [Forwarding get on session d357b9ca6b05b9dce679d0a783660b0e to remote] DEBUG org.asynchttpclient.netty.request.NettyRequestSender - Using pooled Channel '[id: 0x28be3351, L:/127.0.0.1:57687 - R:localhost/127.0.0.1:58654]' for 'POST' to 'http://localhost:58654/session/d357b9ca6b05b9dce679d0a783660b0e/url'
17:29:11.291 [Forwarding get on session d357b9ca6b05b9dce679d0a783660b0e to remote] DEBUG org.asynchttpclient.netty.request.NettyRequestSender - Using open Channel [id: 0x28be3351, L:/127.0.0.1:57687 - R:localhost/127.0.0.1:58654] for POST '/session/d357b9ca6b05b9dce679d0a783660b0e/url'
17:29:12.337 [AsyncHttpClient-1-1] DEBUG org.asynchttpclient.netty.channel.DefaultChannelPool - Entry count for : http://localhost:57688 : 1
17:29:13.438 [AsyncHttpClient-1-1] DEBUG org.asynchttpclient.netty.channel.DefaultChannelPool - Entry count for : http://localhost:57688 : 1
17:29:14.537 [AsyncHttpClient-1-1] DEBUG org.asynchttpclient.netty.channel.DefaultChannelPool - Entry count for : http://localhost:57688 : 1
17:29:15.638 [AsyncHttpClient-1-1] DEBUG org.asynchttpclient.netty.channel.DefaultChannelPool - Entry count for : http://localhost:57688 : 1
17:29:16.741 [AsyncHttpClient-1-1] DEBUG org.asynchttpclient.netty.channel.DefaultChannelPool - Entry count for : http://localhost:57688 : 1
17:29:17.577 [AsyncHttpClient-1-2] DEBUG org.asynchttpclient.netty.handler.HttpHandler - 

Request DefaultHttpRequest(decodeResult: success, version: HTTP/1.1)
POST /session/d357b9ca6b05b9dce679d0a783660b0e/url HTTP/1.1
User-Agent: selenium/4.1.2 (java windows)
Content-Length: 60
Content-Type: application/json; charset=utf-8
host: localhost:58654
accept: */*

Response DefaultHttpResponse(decodeResult: success, version: HTTP/1.1)
HTTP/1.1 200 OK
Content-Type: application/json; charset=utf-8
cache-control: no-cache
content-length: 14

17:29:17.578 [AsyncHttpClient-1-2] DEBUG org.asynchttpclient.netty.channel.ChannelManager - Adding key: http://localhost:58654 for channel [id: 0x28be3351, L:/127.0.0.1:57687 - R:localhost/127.0.0.1:58654]
17:29:17.583 [Forwarding setTimeout on session d357b9ca6b05b9dce679d0a783660b0e to remote] DEBUG org.asynchttpclient.netty.request.NettyRequestSender - Using pooled Channel '[id: 0x28be3351, L:/127.0.0.1:57687 - R:localhost/127.0.0.1:58654]' for 'POST' to 'http://localhost:58654/session/d357b9ca6b05b9dce679d0a783660b0e/timeouts'
17:29:17.583 [Forwarding setTimeout on session d357b9ca6b05b9dce679d0a783660b0e to remote] DEBUG org.asynchttpclient.netty.request.NettyRequestSender - Using open Channel [id: 0x28be3351, L:/127.0.0.1:57687 - R:localhost/127.0.0.1:58654] for POST '/session/d357b9ca6b05b9dce679d0a783660b0e/timeouts'
17:29:17.586 [AsyncHttpClient-1-2] DEBUG org.asynchttpclient.netty.handler.HttpHandler - 

Request DefaultHttpRequest(decodeResult: success, version: HTTP/1.1)
POST /session/d357b9ca6b05b9dce679d0a783660b0e/timeouts HTTP/1.1
User-Agent: selenium/4.1.2 (java windows)
Content-Length: 22
Content-Type: application/json; charset=utf-8
host: localhost:58654
accept: */*

Response DefaultHttpResponse(decodeResult: success, version: HTTP/1.1)
HTTP/1.1 200 OK
Content-Type: application/json; charset=utf-8
cache-control: no-cache
content-length: 14

17:29:17.586 [AsyncHttpClient-1-2] DEBUG org.asynchttpclient.netty.channel.ChannelManager - Adding key: http://localhost:58654 for channel [id: 0x28be3351, L:/127.0.0.1:57687 - R:localhost/127.0.0.1:58654]
17:29:17.593 [Forwarding getCurrentUrl on session d357b9ca6b05b9dce679d0a783660b0e to remote] DEBUG org.asynchttpclient.netty.request.NettyRequestSender - Using pooled Channel '[id: 0x28be3351, L:/127.0.0.1:57687 - R:localhost/127.0.0.1:58654]' for 'GET' to 'http://localhost:58654/session/d357b9ca6b05b9dce679d0a783660b0e/url'
17:29:17.593 [Forwarding getCurrentUrl on session d357b9ca6b05b9dce679d0a783660b0e to remote] DEBUG org.asynchttpclient.netty.request.NettyRequestSender - Using open Channel [id: 0x28be3351, L:/127.0.0.1:57687 - R:localhost/127.0.0.1:58654] for GET '/session/d357b9ca6b05b9dce679d0a783660b0e/url'
17:29:17.599 [AsyncHttpClient-1-2] DEBUG org.asynchttpclient.netty.handler.HttpHandler - 

Request DefaultFullHttpRequest(decodeResult: success, version: HTTP/1.1, content: EmptyByteBufBE)
GET /session/d357b9ca6b05b9dce679d0a783660b0e/url HTTP/1.1
User-Agent: selenium/4.1.2 (java windows)
Cache-Control: no-cache
Content-Type: application/json; charset=utf-8
host: localhost:58654
accept: */*

Response DefaultHttpResponse(decodeResult: success, version: HTTP/1.1)
HTTP/1.1 200 OK
Content-Type: application/json; charset=utf-8
cache-control: no-cache
content-length: 37

17:29:17.600 [AsyncHttpClient-1-2] DEBUG org.asynchttpclient.netty.channel.ChannelManager - Adding key: http://localhost:58654 for channel [id: 0x28be3351, L:/127.0.0.1:57687 - R:localhost/127.0.0.1:58654]
  &amp#27;[32mGiven &amp#27;[0m&amp#27;[32mI am on the main page&amp#27;[0m  &amp#27;[90m# starter.stepdefinitions.LoginStep.iAmOnTheMainPage()&amp#27;[0m
17:29:17.620 [main] DEBUG net.serenitybdd.core.photography.Darkroom - Opening darkroom
17:29:17.621 [Darkroom Processing Line] DEBUG net.serenitybdd.core.photography.DarkroomProcessingLine - Darkroom processing line starting up
17:29:17.622 [Forwarding screenshot on session d357b9ca6b05b9dce679d0a783660b0e to remote] DEBUG org.asynchttpclient.netty.request.NettyRequestSender - Using pooled Channel '[id: 0x28be3351, L:/127.0.0.1:57687 - R:localhost/127.0.0.1:58654]' for 'GET' to 'http://localhost:58654/session/d357b9ca6b05b9dce679d0a783660b0e/screenshot'
17:29:17.622 [Forwarding screenshot on session d357b9ca6b05b9dce679d0a783660b0e to remote] DEBUG org.asynchttpclient.netty.request.NettyRequestSender - Using open Channel [id: 0x28be3351, L:/127.0.0.1:57687 - R:localhost/127.0.0.1:58654] for GET '/session/d357b9ca6b05b9dce679d0a783660b0e/screenshot'
17:29:17.845 [AsyncHttpClient-1-1] DEBUG org.asynchttpclient.netty.channel.DefaultChannelPool - Entry count for : http://localhost:57688 : 1
17:29:17.872 [AsyncHttpClient-1-2] DEBUG org.asynchttpclient.netty.handler.HttpHandler - 

Request DefaultFullHttpRequest(decodeResult: success, version: HTTP/1.1, content: EmptyByteBufBE)
GET /session/d357b9ca6b05b9dce679d0a783660b0e/screenshot HTTP/1.1
User-Agent: selenium/4.1.2 (java windows)
Cache-Control: no-cache
Content-Type: application/json; charset=utf-8
host: localhost:58654
accept: */*

Response DefaultHttpResponse(decodeResult: success, version: HTTP/1.1)
HTTP/1.1 200 OK
Content-Type: application/json; charset=utf-8
cache-control: no-cache
content-length: 570812

17:29:17.880 [AsyncHttpClient-1-2] DEBUG org.asynchttpclient.netty.channel.ChannelManager - Adding key: http://localhost:58654 for channel [id: 0x28be3351, L:/127.0.0.1:57687 - R:localhost/127.0.0.1:58654]
17:29:17.993 [main] DEBUG net.serenitybdd.core.photography.Darkroom - Send negative for processing for target\site\serenity\37354b96c86a4bc1fe088c3143e1e1bb16458abfe6a628dbd54e2d4f31284d3b.png
17:29:17.994 [Darkroom Processing Line] DEBUG net.serenitybdd.core.photography.DarkroomProcessingLine - Processing screenshot image in /var/screenshots/screenshot-3000618582175243092
17:29:17.994 [Darkroom Processing Line] DEBUG net.serenitybdd.core.photography.DarkroomProcessingLine - Saving screenshot to target\site\serenity\37354b96c86a4bc1fe088c3143e1e1bb16458abfe6a628dbd54e2d4f31284d3b.png
17:29:18.015 [Forwarding findElement on session d357b9ca6b05b9dce679d0a783660b0e to remote] DEBUG org.asynchttpclient.netty.request.NettyRequestSender - Using pooled Channel '[id: 0x28be3351, L:/127.0.0.1:57687 - R:localhost/127.0.0.1:58654]' for 'POST' to 'http://localhost:58654/session/d357b9ca6b05b9dce679d0a783660b0e/element'
17:29:18.015 [Forwarding findElement on session d357b9ca6b05b9dce679d0a783660b0e to remote] DEBUG org.asynchttpclient.netty.request.NettyRequestSender - Using open Channel [id: 0x28be3351, L:/127.0.0.1:57687 - R:localhost/127.0.0.1:58654] for POST '/session/d357b9ca6b05b9dce679d0a783660b0e/element'
17:29:18.027 [AsyncHttpClient-1-2] DEBUG org.asynchttpclient.netty.handler.HttpHandler - 

Request DefaultHttpRequest(decodeResult: success, version: HTTP/1.1)
POST /session/d357b9ca6b05b9dce679d0a783660b0e/element HTTP/1.1
User-Agent: selenium/4.1.2 (java windows)
Content-Length: 50
Content-Type: application/json; charset=utf-8
host: localhost:58654
accept: */*

Response DefaultHttpResponse(decodeResult: success, version: HTTP/1.1)
HTTP/1.1 200 OK
Content-Type: application/json; charset=utf-8
cache-control: no-cache
content-length: 88

17:29:18.027 [AsyncHttpClient-1-2] DEBUG org.asynchttpclient.netty.channel.ChannelManager - Adding key: http://localhost:58654 for channel [id: 0x28be3351, L:/127.0.0.1:57687 - R:localhost/127.0.0.1:58654]
17:29:18.034 [Forwarding isElementDisplayed on session d357b9ca6b05b9dce679d0a783660b0e to remote] DEBUG org.asynchttpclient.netty.request.NettyRequestSender - Using pooled Channel '[id: 0x28be3351, L:/127.0.0.1:57687 - R:localhost/127.0.0.1:58654]' for 'POST' to 'http://localhost:58654/session/d357b9ca6b05b9dce679d0a783660b0e/execute/sync'
17:29:18.035 [Forwarding isElementDisplayed on session d357b9ca6b05b9dce679d0a783660b0e to remote] DEBUG org.asynchttpclient.netty.request.NettyRequestSender - Using open Channel [id: 0x28be3351, L:/127.0.0.1:57687 - R:localhost/127.0.0.1:58654] for POST '/session/d357b9ca6b05b9dce679d0a783660b0e/execute/sync'
17:29:18.051 [AsyncHttpClient-1-2] DEBUG org.asynchttpclient.netty.handler.HttpHandler - 

Request DefaultHttpRequest(decodeResult: success, version: HTTP/1.1)
POST /session/d357b9ca6b05b9dce679d0a783660b0e/execute/sync HTTP/1.1
User-Agent: selenium/4.1.2 (java windows)
Content-Length: 48780
Content-Type: application/json; charset=utf-8
host: localhost:58654
accept: */*

Response DefaultHttpResponse(decodeResult: success, version: HTTP/1.1)
HTTP/1.1 200 OK
Content-Type: application/json; charset=utf-8
cache-control: no-cache
content-length: 14

17:29:18.051 [AsyncHttpClient-1-2] DEBUG org.asynchttpclient.netty.channel.ChannelManager - Adding key: http://localhost:58654 for channel [id: 0x28be3351, L:/127.0.0.1:57687 - R:localhost/127.0.0.1:58654]
17:29:18.061 [Forwarding findElement on session d357b9ca6b05b9dce679d0a783660b0e to remote] DEBUG org.asynchttpclient.netty.request.NettyRequestSender - Using pooled Channel '[id: 0x28be3351, L:/127.0.0.1:57687 - R:localhost/127.0.0.1:58654]' for 'POST' to 'http://localhost:58654/session/d357b9ca6b05b9dce679d0a783660b0e/element'
17:29:18.061 [Forwarding findElement on session d357b9ca6b05b9dce679d0a783660b0e to remote] DEBUG org.asynchttpclient.netty.request.NettyRequestSender - Using open Channel [id: 0x28be3351, L:/127.0.0.1:57687 - R:localhost/127.0.0.1:58654] for POST '/session/d357b9ca6b05b9dce679d0a783660b0e/element'
17:29:18.071 [AsyncHttpClient-1-2] DEBUG org.asynchttpclient.netty.handler.HttpHandler - 

Request DefaultHttpRequest(decodeResult: success, version: HTTP/1.1)
POST /session/d357b9ca6b05b9dce679d0a783660b0e/element HTTP/1.1
User-Agent: selenium/4.1.2 (java windows)
Content-Length: 50
Content-Type: application/json; charset=utf-8
host: localhost:58654
accept: */*

Response DefaultHttpResponse(decodeResult: success, version: HTTP/1.1)
HTTP/1.1 200 OK
Content-Type: application/json; charset=utf-8
cache-control: no-cache
content-length: 88

17:29:18.072 [AsyncHttpClient-1-2] DEBUG org.asynchttpclient.netty.channel.ChannelManager - Adding key: http://localhost:58654 for channel [id: 0x28be3351, L:/127.0.0.1:57687 - R:localhost/127.0.0.1:58654]
17:29:18.076 [Forwarding getElementTagName on session d357b9ca6b05b9dce679d0a783660b0e to remote] DEBUG org.asynchttpclient.netty.request.NettyRequestSender - Using pooled Channel '[id: 0x28be3351, L:/127.0.0.1:57687 - R:localhost/127.0.0.1:58654]' for 'GET' to 'http://localhost:58654/session/d357b9ca6b05b9dce679d0a783660b0e/element/97fae811-3754-41b6-84ef-b67eb9547b63/name'
17:29:18.076 [Forwarding getElementTagName on session d357b9ca6b05b9dce679d0a783660b0e to remote] DEBUG org.asynchttpclient.netty.request.NettyRequestSender - Using open Channel [id: 0x28be3351, L:/127.0.0.1:57687 - R:localhost/127.0.0.1:58654] for GET '/session/d357b9ca6b05b9dce679d0a783660b0e/element/97fae811-3754-41b6-84ef-b67eb9547b63/name'
17:29:18.081 [AsyncHttpClient-1-2] DEBUG org.asynchttpclient.netty.handler.HttpHandler - 

Request DefaultFullHttpRequest(decodeResult: success, version: HTTP/1.1, content: EmptyByteBufBE)
GET /session/d357b9ca6b05b9dce679d0a783660b0e/element/97fae811-3754-41b6-84ef-b67eb9547b63/name HTTP/1.1
User-Agent: selenium/4.1.2 (java windows)
Cache-Control: no-cache
Content-Type: application/json; charset=utf-8
host: localhost:58654
accept: */*

Response DefaultHttpResponse(decodeResult: success, version: HTTP/1.1)
HTTP/1.1 200 OK
Content-Type: application/json; charset=utf-8
cache-control: no-cache
content-length: 18

17:29:18.082 [AsyncHttpClient-1-2] DEBUG org.asynchttpclient.netty.channel.ChannelManager - Adding key: http://localhost:58654 for channel [id: 0x28be3351, L:/127.0.0.1:57687 - R:localhost/127.0.0.1:58654]
17:29:18.084 [Forwarding getElementTagName on session d357b9ca6b05b9dce679d0a783660b0e to remote] DEBUG org.asynchttpclient.netty.request.NettyRequestSender - Using pooled Channel '[id: 0x28be3351, L:/127.0.0.1:57687 - R:localhost/127.0.0.1:58654]' for 'GET' to 'http://localhost:58654/session/d357b9ca6b05b9dce679d0a783660b0e/element/97fae811-3754-41b6-84ef-b67eb9547b63/name'
17:29:18.084 [Forwarding getElementTagName on session d357b9ca6b05b9dce679d0a783660b0e to remote] DEBUG org.asynchttpclient.netty.request.NettyRequestSender - Using open Channel [id: 0x28be3351, L:/127.0.0.1:57687 - R:localhost/127.0.0.1:58654] for GET '/session/d357b9ca6b05b9dce679d0a783660b0e/element/97fae811-3754-41b6-84ef-b67eb9547b63/name'
17:29:18.088 [AsyncHttpClient-1-2] DEBUG org.asynchttpclient.netty.handler.HttpHandler - 

Request DefaultFullHttpRequest(decodeResult: success, version: HTTP/1.1, content: EmptyByteBufBE)
GET /session/d357b9ca6b05b9dce679d0a783660b0e/element/97fae811-3754-41b6-84ef-b67eb9547b63/name HTTP/1.1
User-Agent: selenium/4.1.2 (java windows)
Cache-Control: no-cache
Content-Type: application/json; charset=utf-8
host: localhost:58654
accept: */*

Response DefaultHttpResponse(decodeResult: success, version: HTTP/1.1)
HTTP/1.1 200 OK
Content-Type: application/json; charset=utf-8
cache-control: no-cache
content-length: 18

17:29:18.089 [AsyncHttpClient-1-2] DEBUG org.asynchttpclient.netty.channel.ChannelManager - Adding key: http://localhost:58654 for channel [id: 0x28be3351, L:/127.0.0.1:57687 - R:localhost/127.0.0.1:58654]
17:29:18.110 [Forwarding isElementEnabled on session d357b9ca6b05b9dce679d0a783660b0e to remote] DEBUG org.asynchttpclient.netty.request.NettyRequestSender - Using pooled Channel '[id: 0x28be3351, L:/127.0.0.1:57687 - R:localhost/127.0.0.1:58654]' for 'GET' to 'http://localhost:58654/session/d357b9ca6b05b9dce679d0a783660b0e/element/97fae811-3754-41b6-84ef-b67eb9547b63/enabled'
17:29:18.110 [Forwarding isElementEnabled on session d357b9ca6b05b9dce679d0a783660b0e to remote] DEBUG org.asynchttpclient.netty.request.NettyRequestSender - Using open Channel [id: 0x28be3351, L:/127.0.0.1:57687 - R:localhost/127.0.0.1:58654] for GET '/session/d357b9ca6b05b9dce679d0a783660b0e/element/97fae811-3754-41b6-84ef-b67eb9547b63/enabled'
17:29:18.120 [AsyncHttpClient-1-2] DEBUG org.asynchttpclient.netty.handler.HttpHandler - 

Request DefaultFullHttpRequest(decodeResult: success, version: HTTP/1.1, content: EmptyByteBufBE)
GET /session/d357b9ca6b05b9dce679d0a783660b0e/element/97fae811-3754-41b6-84ef-b67eb9547b63/enabled HTTP/1.1
User-Agent: selenium/4.1.2 (java windows)
Cache-Control: no-cache
Content-Type: application/json; charset=utf-8
host: localhost:58654
accept: */*

Response DefaultHttpResponse(decodeResult: success, version: HTTP/1.1)
HTTP/1.1 200 OK
Content-Type: application/json; charset=utf-8
cache-control: no-cache
content-length: 14

17:29:18.120 [AsyncHttpClient-1-2] DEBUG org.asynchttpclient.netty.channel.ChannelManager - Adding key: http://localhost:58654 for channel [id: 0x28be3351, L:/127.0.0.1:57687 - R:localhost/127.0.0.1:58654]
17:29:18.122 [Forwarding isElementEnabled on session d357b9ca6b05b9dce679d0a783660b0e to remote] DEBUG org.asynchttpclient.netty.request.NettyRequestSender - Using pooled Channel '[id: 0x28be3351, L:/127.0.0.1:57687 - R:localhost/127.0.0.1:58654]' for 'GET' to 'http://localhost:58654/session/d357b9ca6b05b9dce679d0a783660b0e/element/97fae811-3754-41b6-84ef-b67eb9547b63/enabled'
17:29:18.122 [Forwarding isElementEnabled on session d357b9ca6b05b9dce679d0a783660b0e to remote] DEBUG org.asynchttpclient.netty.request.NettyRequestSender - Using open Channel [id: 0x28be3351, L:/127.0.0.1:57687 - R:localhost/127.0.0.1:58654] for GET '/session/d357b9ca6b05b9dce679d0a783660b0e/element/97fae811-3754-41b6-84ef-b67eb9547b63/enabled'
17:29:18.130 [AsyncHttpClient-1-2] DEBUG org.asynchttpclient.netty.handler.HttpHandler - 

Request DefaultFullHttpRequest(decodeResult: success, version: HTTP/1.1, content: EmptyByteBufBE)
GET /session/d357b9ca6b05b9dce679d0a783660b0e/element/97fae811-3754-41b6-84ef-b67eb9547b63/enabled HTTP/1.1
User-Agent: selenium/4.1.2 (java windows)
Cache-Control: no-cache
Content-Type: application/json; charset=utf-8
host: localhost:58654
accept: */*

Response DefaultHttpResponse(decodeResult: success, version: HTTP/1.1)
HTTP/1.1 200 OK
Content-Type: application/json; charset=utf-8
cache-control: no-cache
content-length: 14

17:29:18.130 [AsyncHttpClient-1-2] DEBUG org.asynchttpclient.netty.channel.ChannelManager - Adding key: http://localhost:58654 for channel [id: 0x28be3351, L:/127.0.0.1:57687 - R:localhost/127.0.0.1:58654]
17:29:18.133 [Forwarding findElement on session d357b9ca6b05b9dce679d0a783660b0e to remote] DEBUG org.asynchttpclient.netty.request.NettyRequestSender - Using pooled Channel '[id: 0x28be3351, L:/127.0.0.1:57687 - R:localhost/127.0.0.1:58654]' for 'POST' to 'http://localhost:58654/session/d357b9ca6b05b9dce679d0a783660b0e/element'
17:29:18.133 [Forwarding findElement on session d357b9ca6b05b9dce679d0a783660b0e to remote] DEBUG org.asynchttpclient.netty.request.NettyRequestSender - Using open Channel [id: 0x28be3351, L:/127.0.0.1:57687 - R:localhost/127.0.0.1:58654] for POST '/session/d357b9ca6b05b9dce679d0a783660b0e/element'
17:29:18.143 [AsyncHttpClient-1-2] DEBUG org.asynchttpclient.netty.handler.HttpHandler - 

Request DefaultHttpRequest(decodeResult: success, version: HTTP/1.1)
POST /session/d357b9ca6b05b9dce679d0a783660b0e/element HTTP/1.1
User-Agent: selenium/4.1.2 (java windows)
Content-Length: 50
Content-Type: application/json; charset=utf-8
host: localhost:58654
accept: */*

Response DefaultHttpResponse(decodeResult: success, version: HTTP/1.1)
HTTP/1.1 200 OK
Content-Type: application/json; charset=utf-8
cache-control: no-cache
content-length: 88

17:29:18.143 [AsyncHttpClient-1-2] DEBUG org.asynchttpclient.netty.channel.ChannelManager - Adding key: http://localhost:58654 for channel [id: 0x28be3351, L:/127.0.0.1:57687 - R:localhost/127.0.0.1:58654]
17:29:18.146 [Forwarding clickElement on session d357b9ca6b05b9dce679d0a783660b0e to remote] DEBUG org.asynchttpclient.netty.request.NettyRequestSender - Using pooled Channel '[id: 0x28be3351, L:/127.0.0.1:57687 - R:localhost/127.0.0.1:58654]' for 'POST' to 'http://localhost:58654/session/d357b9ca6b05b9dce679d0a783660b0e/element/97fae811-3754-41b6-84ef-b67eb9547b63/click'
17:29:18.146 [Forwarding clickElement on session d357b9ca6b05b9dce679d0a783660b0e to remote] DEBUG org.asynchttpclient.netty.request.NettyRequestSender - Using open Channel [id: 0x28be3351, L:/127.0.0.1:57687 - R:localhost/127.0.0.1:58654] for POST '/session/d357b9ca6b05b9dce679d0a783660b0e/element/97fae811-3754-41b6-84ef-b67eb9547b63/click'
17:29:18.225 [AsyncHttpClient-1-2] DEBUG org.asynchttpclient.netty.handler.HttpHandler - 

Request DefaultHttpRequest(decodeResult: success, version: HTTP/1.1)
POST /session/d357b9ca6b05b9dce679d0a783660b0e/element/97fae811-3754-41b6-84ef-b67eb9547b63/click HTTP/1.1
User-Agent: selenium/4.1.2 (java windows)
Content-Length: 50
Content-Type: application/json; charset=utf-8
host: localhost:58654
accept: */*

Response DefaultHttpResponse(decodeResult: success, version: HTTP/1.1)
HTTP/1.1 200 OK
Content-Type: application/json; charset=utf-8
cache-control: no-cache
content-length: 14

17:29:18.226 [AsyncHttpClient-1-2] DEBUG org.asynchttpclient.netty.channel.ChannelManager - Adding key: http://localhost:58654 for channel [id: 0x28be3351, L:/127.0.0.1:57687 - R:localhost/127.0.0.1:58654]
  &amp#27;[32mWhen &amp#27;[0m&amp#27;[32mI click login button&amp#27;[0m    &amp#27;[90m# starter.stepdefinitions.LoginStep.iClickLoginButton()&amp#27;[0m
17:29:18.244 [Forwarding screenshot on session d357b9ca6b05b9dce679d0a783660b0e to remote] DEBUG org.asynchttpclient.netty.request.NettyRequestSender - Using pooled Channel '[id: 0x28be3351, L:/127.0.0.1:57687 - R:localhost/127.0.0.1:58654]' for 'GET' to 'http://localhost:58654/session/d357b9ca6b05b9dce679d0a783660b0e/screenshot'
17:29:18.244 [Forwarding screenshot on session d357b9ca6b05b9dce679d0a783660b0e to remote] DEBUG org.asynchttpclient.netty.request.NettyRequestSender - Using open Channel [id: 0x28be3351, L:/127.0.0.1:57687 - R:localhost/127.0.0.1:58654] for GET '/session/d357b9ca6b05b9dce679d0a783660b0e/screenshot'
17:29:18.545 [AsyncHttpClient-1-2] DEBUG org.asynchttpclient.netty.handler.HttpHandler - 

Request DefaultFullHttpRequest(decodeResult: success, version: HTTP/1.1, content: EmptyByteBufBE)
GET /session/d357b9ca6b05b9dce679d0a783660b0e/screenshot HTTP/1.1
User-Agent: selenium/4.1.2 (java windows)
Cache-Control: no-cache
Content-Type: application/json; charset=utf-8
host: localhost:58654
accept: */*

Response DefaultHttpResponse(decodeResult: success, version: HTTP/1.1)
HTTP/1.1 200 OK
Content-Type: application/json; charset=utf-8
cache-control: no-cache
content-length: 462688

17:29:18.551 [AsyncHttpClient-1-2] DEBUG org.asynchttpclient.netty.channel.ChannelManager - Adding key: http://localhost:58654 for channel [id: 0x28be3351, L:/127.0.0.1:57687 - R:localhost/127.0.0.1:58654]
17:29:18.587 [main] DEBUG net.serenitybdd.core.photography.Darkroom - Send negative for processing for target\site\serenity\43ce4e32f15b97ea40a13a493ce2d25ac4b587c88ffc459bd3690cfb800b0294.png
17:29:18.588 [Darkroom Processing Line] DEBUG net.serenitybdd.core.photography.DarkroomProcessingLine - Processing screenshot image in /var/screenshots/screenshot-9845191300212138692
17:29:18.588 [Darkroom Processing Line] DEBUG net.serenitybdd.core.photography.DarkroomProcessingLine - Saving screenshot to target\site\serenity\43ce4e32f15b97ea40a13a493ce2d25ac4b587c88ffc459bd3690cfb800b0294.png
17:29:18.614 [Forwarding findElement on session d357b9ca6b05b9dce679d0a783660b0e to remote] DEBUG org.asynchttpclient.netty.request.NettyRequestSender - Using pooled Channel '[id: 0x28be3351, L:/127.0.0.1:57687 - R:localhost/127.0.0.1:58654]' for 'POST' to 'http://localhost:58654/session/d357b9ca6b05b9dce679d0a783660b0e/element'
17:29:18.615 [Forwarding findElement on session d357b9ca6b05b9dce679d0a783660b0e to remote] DEBUG org.asynchttpclient.netty.request.NettyRequestSender - Using open Channel [id: 0x28be3351, L:/127.0.0.1:57687 - R:localhost/127.0.0.1:58654] for POST '/session/d357b9ca6b05b9dce679d0a783660b0e/element'
17:29:18.638 [AsyncHttpClient-1-2] DEBUG org.asynchttpclient.netty.handler.HttpHandler - 

Request DefaultHttpRequest(decodeResult: success, version: HTTP/1.1)
POST /session/d357b9ca6b05b9dce679d0a783660b0e/element HTTP/1.1
User-Agent: selenium/4.1.2 (java windows)
Content-Length: 51
Content-Type: application/json; charset=utf-8
host: localhost:58654
accept: */*

Response DefaultHttpResponse(decodeResult: success, version: HTTP/1.1)
HTTP/1.1 200 OK
Content-Type: application/json; charset=utf-8
cache-control: no-cache
content-length: 88

17:29:18.638 [AsyncHttpClient-1-2] DEBUG org.asynchttpclient.netty.channel.ChannelManager - Adding key: http://localhost:58654 for channel [id: 0x28be3351, L:/127.0.0.1:57687 - R:localhost/127.0.0.1:58654]
17:29:18.651 [Forwarding isElementDisplayed on session d357b9ca6b05b9dce679d0a783660b0e to remote] DEBUG org.asynchttpclient.netty.request.NettyRequestSender - Using pooled Channel '[id: 0x28be3351, L:/127.0.0.1:57687 - R:localhost/127.0.0.1:58654]' for 'POST' to 'http://localhost:58654/session/d357b9ca6b05b9dce679d0a783660b0e/execute/sync'
17:29:18.651 [Forwarding isElementDisplayed on session d357b9ca6b05b9dce679d0a783660b0e to remote] DEBUG org.asynchttpclient.netty.request.NettyRequestSender - Using open Channel [id: 0x28be3351, L:/127.0.0.1:57687 - R:localhost/127.0.0.1:58654] for POST '/session/d357b9ca6b05b9dce679d0a783660b0e/execute/sync'
17:29:18.668 [AsyncHttpClient-1-2] DEBUG org.asynchttpclient.netty.handler.HttpHandler - 

Request DefaultHttpRequest(decodeResult: success, version: HTTP/1.1)
POST /session/d357b9ca6b05b9dce679d0a783660b0e/execute/sync HTTP/1.1
User-Agent: selenium/4.1.2 (java windows)
Content-Length: 48780
Content-Type: application/json; charset=utf-8
host: localhost:58654
accept: */*

Response DefaultHttpResponse(decodeResult: success, version: HTTP/1.1)
HTTP/1.1 200 OK
Content-Type: application/json; charset=utf-8
cache-control: no-cache
content-length: 14

17:29:18.669 [AsyncHttpClient-1-2] DEBUG org.asynchttpclient.netty.channel.ChannelManager - Adding key: http://localhost:58654 for channel [id: 0x28be3351, L:/127.0.0.1:57687 - R:localhost/127.0.0.1:58654]
  &amp#27;[32mThen &amp#27;[0m&amp#27;[32mI will go to login page&amp#27;[0m &amp#27;[90m# starter.stepdefinitions.LoginStep.iWillGoToLoginPage()&amp#27;[0m
17:29:18.679 [Forwarding screenshot on session d357b9ca6b05b9dce679d0a783660b0e to remote] DEBUG org.asynchttpclient.netty.request.NettyRequestSender - Using pooled Channel '[id: 0x28be3351, L:/127.0.0.1:57687 - R:localhost/127.0.0.1:58654]' for 'GET' to 'http://localhost:58654/session/d357b9ca6b05b9dce679d0a783660b0e/screenshot'
17:29:18.679 [Forwarding screenshot on session d357b9ca6b05b9dce679d0a783660b0e to remote] DEBUG org.asynchttpclient.netty.request.NettyRequestSender - Using open Channel [id: 0x28be3351, L:/127.0.0.1:57687 - R:localhost/127.0.0.1:58654] for GET '/session/d357b9ca6b05b9dce679d0a783660b0e/screenshot'
17:29:18.936 [AsyncHttpClient-1-1] DEBUG org.asynchttpclient.netty.channel.DefaultChannelPool - Entry count for : http://localhost:57688 : 1
17:29:18.996 [AsyncHttpClient-1-2] DEBUG org.asynchttpclient.netty.handler.HttpHandler - 

Request DefaultFullHttpRequest(decodeResult: success, version: HTTP/1.1, content: EmptyByteBufBE)
GET /session/d357b9ca6b05b9dce679d0a783660b0e/screenshot HTTP/1.1
User-Agent: selenium/4.1.2 (java windows)
Cache-Control: no-cache
Content-Type: application/json; charset=utf-8
host: localhost:58654
accept: */*

Response DefaultHttpResponse(decodeResult: success, version: HTTP/1.1)
HTTP/1.1 200 OK
Content-Type: application/json; charset=utf-8
cache-control: no-cache
content-length: 518824

17:29:19.002 [AsyncHttpClient-1-2] DEBUG org.asynchttpclient.netty.channel.ChannelManager - Adding key: http://localhost:58654 for channel [id: 0x28be3351, L:/127.0.0.1:57687 - R:localhost/127.0.0.1:58654]
17:29:19.035 [main] DEBUG net.serenitybdd.core.photography.Darkroom - Send negative for processing for target\site\serenity\aaa477df071c67fbd4b51e676fd00155b182a96bc6895e2025044a579b13d12a.png
17:29:19.036 [Darkroom Processing Line] DEBUG net.serenitybdd.core.photography.DarkroomProcessingLine - Processing screenshot image in /var/screenshots/screenshot-11594388517716823166
17:29:19.036 [Darkroom Processing Line] DEBUG net.serenitybdd.core.photography.DarkroomProcessingLine - Saving screenshot to target\site\serenity\aaa477df071c67fbd4b51e676fd00155b182a96bc6895e2025044a579b13d12a.png
17:29:19.044 [main] INFO  - 
  _____   ___   ___   _____     ___     _     ___   ___   ___   ___  
 |_   _| | __| / __| |_   _|   | _ \   /_\   / __| / __| | __| |   \ 
   | |   | _|  \__ \   | |     |  _/  / _ \  \__ \ \__ \ | _|  | |) |
   |_|   |___| |___/   |_|     |_|   /_/ \_\ |___/ |___/ |___| |___/ 

Open login page
----------------------------------------------------------------------
17:29:19.239 [Driver Command Executor] DEBUG org.asynchttpclient.netty.request.NettyRequestSender - Using pooled Channel '[id: 0x28be3351, L:/127.0.0.1:57687 - R:localhost/127.0.0.1:58654]' for 'DELETE' to 'http://localhost:58654/session/d357b9ca6b05b9dce679d0a783660b0e'
17:29:19.240 [Driver Command Executor] DEBUG org.asynchttpclient.netty.request.NettyRequestSender - Using open Channel [id: 0x28be3351, L:/127.0.0.1:57687 - R:localhost/127.0.0.1:58654] for DELETE '/session/d357b9ca6b05b9dce679d0a783660b0e'
17:29:19.241 [AsyncHttpClient-1-4] DEBUG org.asynchttpclient.netty.handler.WebSocketHandler - Channel Closed: [id: 0x49ca43ed, L:/127.0.0.1:57696 ! R:localhost/127.0.0.1:57688] with attribute NettyResponseFuture{currentRetry=5,
	isDone=1,
	isCancelled=0,
	asyncHandler=org.asynchttpclient.ws.WebSocketUpgradeHandler@678339f,
	nettyRequest=org.asynchttpclient.netty.request.NettyRequest@39c4a633,
	future=java.util.concurrent.CompletableFuture@102ca1a[Completed normally],
	uri=ws://localhost:57688/devtools/browser/4e94134d-5fe3-473b-8692-318d885b74bc,
	keepAlive=true,
	redirectCount=0,
	timeoutsHolder=null,
	inAuth=0,
	touch=1664965750309}
17:29:19.242 [AsyncHttpClient-1-4] DEBUG org.asynchttpclient.netty.channel.ChannelManager - Closing Channel [id: 0x49ca43ed, L:/127.0.0.1:57696 ! R:localhost/127.0.0.1:57688] 
17:29:19.318 [AsyncHttpClient-1-3] DEBUG org.asynchttpclient.netty.handler.HttpHandler - Unexpected I/O exception on channel [id: 0xfa991f19, L:/127.0.0.1:57695 - R:localhost/127.0.0.1:57688]
java.net.SocketException: Connection reset
	at java.base/sun.nio.ch.SocketChannelImpl.throwConnectionReset(SocketChannelImpl.java:345)
	at java.base/sun.nio.ch.SocketChannelImpl.read(SocketChannelImpl.java:376)
	at io.netty.buffer.PooledByteBuf.setBytes(PooledByteBuf.java:258)
	at io.netty.buffer.AbstractByteBuf.writeBytes(AbstractByteBuf.java:1132)
	at io.netty.channel.socket.nio.NioSocketChannel.doReadBytes(NioSocketChannel.java:350)
	at io.netty.channel.nio.AbstractNioByteChannel$NioByteUnsafe.read(AbstractNioByteChannel.java:151)
	at io.netty.channel.nio.NioEventLoop.processSelectedKey(NioEventLoop.java:722)
	at io.netty.channel.nio.NioEventLoop.processSelectedKeysOptimized(NioEventLoop.java:658)
	at io.netty.channel.nio.NioEventLoop.processSelectedKeys(NioEventLoop.java:584)
	at io.netty.channel.nio.NioEventLoop.run(NioEventLoop.java:496)
	at io.netty.util.concurrent.SingleThreadEventExecutor$4.run(SingleThreadEventExecutor.java:986)
	at io.netty.util.internal.ThreadExecutorMap$2.run(ThreadExecutorMap.java:74)
	at io.netty.util.concurrent.FastThreadLocalRunnable.run(FastThreadLocalRunnable.java:30)
	at java.base/java.lang.Thread.run(Thread.java:830)
17:29:19.319 [AsyncHttpClient-1-3] DEBUG org.asynchttpclient.netty.channel.ChannelManager - Closing Channel [id: 0xfa991f19, L:/127.0.0.1:57695 - R:localhost/127.0.0.1:57688] 
17:29:19.322 [AsyncHttpClient-1-3] DEBUG org.asynchttpclient.netty.handler.HttpHandler - Channel Closed: [id: 0xfa991f19, L:/127.0.0.1:57695 ! R:localhost/127.0.0.1:57688] with attribute DISCARD
17:29:19.340 [AsyncHttpClient-1-2] DEBUG org.asynchttpclient.netty.handler.HttpHandler - 

Request DefaultFullHttpRequest(decodeResult: success, version: HTTP/1.1, content: EmptyByteBufBE)
DELETE /session/d357b9ca6b05b9dce679d0a783660b0e HTTP/1.1
User-Agent: selenium/4.1.2 (java windows)
Content-Type: application/json; charset=utf-8
host: localhost:58654
accept: */*

Response DefaultHttpResponse(decodeResult: success, version: HTTP/1.1)
HTTP/1.1 200 OK
Content-Type: application/json; charset=utf-8
cache-control: no-cache
content-length: 14

17:29:19.340 [AsyncHttpClient-1-2] DEBUG org.asynchttpclient.netty.channel.ChannelManager - Adding key: http://localhost:58654 for channel [id: 0x28be3351, L:/127.0.0.1:57687 - R:localhost/127.0.0.1:58654]
17:29:19.416 [AsyncHttpClient-1-2] DEBUG org.asynchttpclient.netty.handler.HttpHandler - Channel Closed: [id: 0x28be3351, L:/127.0.0.1:57687 ! R:localhost/127.0.0.1:58654] with attribute DISCARD
]]></system-out>
    <system-err><![CDATA[Starting ChromeDriver 106.0.5249.61 (511755355844955cd3e264779baf0dd38212a4d0-refs/branch-heads/5249@{#569}) on port 58654
Only local connections are allowed.
Please see https://chromedriver.chromium.org/security-considerations for suggestions on keeping ChromeDriver safe.
ChromeDriver was started successfully.
Oct 05, 2022 5:29:10 PM org.openqa.selenium.remote.ProtocolHandshake createSession
INFO: Detected dialect: W3C
Oct 05, 2022 5:29:10 PM org.openqa.selenium.devtools.CdpVersionFinder findNearestMatch
WARNING: Unable to find an exact match for CDP version 106, so returning the closest version found: a no-op implementation
Oct 05, 2022 5:29:10 PM org.openqa.selenium.devtools.CdpVersionFinder findNearestMatch
INFO: Unable to find CDP implementation matching 106.
Oct 05, 2022 5:29:10 PM org.openqa.selenium.chromium.ChromiumDriver lambda$new$3
WARNING: Unable to find version of CDP to use for . You may need to include a dependency on a specific version of the CDP using something similar to `org.seleniumhq.selenium:selenium-devtools-v86:4.1.2` where the version ("v86") matches the version of the chromium-based browser you're using and the version number of the artifact is the same as Selenium's.
]]></system-err>
  </testcase>
  <testcase name="Login with valid username and password" classname="Login" time="12.724">
    <system-out><![CDATA[
Scenario: Login with valid username and password &amp#27;[90m# src/test/resources/features/Login.feature:11&amp#27;[0m
17:29:19.971 [main] INFO io.cucumber.core.plugin.SerenityReporter - Running feature from file:///C:/Users/ASUS/Desktop/stupen/repo/21_Review%20Web%20UI%20Testing%20with%20Serenity/Praktikum/qaBooks/src/test/resources/features/Login.feature
17:29:19.975 [main] INFO  - 
  _____   ___   ___   _____     ___   _____     _     ___   _____   ___   ___  
 |_   _| | __| / __| |_   _|   / __| |_   _|   /_\   | _ \ |_   _| | __| |   \ 
   | |   | _|  \__ \   | |     \__ \   | |    / _ \  |   /   | |   | _|  | |) |
   |_|   |___| |___/   |_|     |___/   |_|   /_/ \_\ |_|_\   |_|   |___| |___/ 

Login with valid username and password(login;login-with-valid-username-and-password)
--------------------------------------------------------------------------------
17:29:19.996 [main] INFO net.serenitybdd.core.webdriver.driverproviders.ChromeDriverProvider - Using automatically driver download
17:29:20.036 [AsyncHttpClient-1-1] DEBUG org.asynchttpclient.netty.channel.DefaultChannelPool - Entry count for : http://localhost:57688 : 1
17:29:20.036 [AsyncHttpClient-1-1] DEBUG org.asynchttpclient.netty.channel.DefaultChannelPool - Entry count for : http://localhost:58654 : 1
17:29:20.036 [AsyncHttpClient-1-1] DEBUG org.asynchttpclient.netty.channel.DefaultChannelPool - Adding Candidate expired Channel [id: 0xfa991f19, L:/127.0.0.1:57695 ! R:localhost/127.0.0.1:57688] isIdleTimeoutExpired=false isRemotelyClosed=true isTtlExpired=false
17:29:20.036 [AsyncHttpClient-1-1] DEBUG org.asynchttpclient.netty.channel.DefaultChannelPool - Closing Idle Channel [id: 0xfa991f19, L:/127.0.0.1:57695 ! R:localhost/127.0.0.1:57688]
17:29:20.036 [AsyncHttpClient-1-1] DEBUG org.asynchttpclient.netty.channel.DefaultChannelPool - Adding Candidate expired Channel [id: 0x28be3351, L:/127.0.0.1:57687 ! R:localhost/127.0.0.1:58654] isIdleTimeoutExpired=false isRemotelyClosed=true isTtlExpired=false
17:29:20.036 [AsyncHttpClient-1-1] DEBUG org.asynchttpclient.netty.channel.DefaultChannelPool - Closing Idle Channel [id: 0x28be3351, L:/127.0.0.1:57687 ! R:localhost/127.0.0.1:58654]
17:29:20.036 [AsyncHttpClient-1-1] DEBUG org.asynchttpclient.netty.channel.DefaultChannelPool - Closed 2 connections out of 2 in 0 ms
17:29:20.178 [main] DEBUG io.github.bonigarcia.wdm.cache.ResolutionCache - Resolution chrome=106 in cache (valid until 17:53:10 05/10/2022 WIB)
17:29:20.186 [main] DEBUG io.github.bonigarcia.wdm.cache.ResolutionCache - Resolution chrome106=106.0.5249.61 in cache (valid until 14:14:44 06/10/2022 WIB)
17:29:20.190 [main] INFO io.github.bonigarcia.wdm.WebDriverManager - Using chromedriver 106.0.5249.61 (resolved driver for Chrome 106)
17:29:20.214 [main] DEBUG io.github.bonigarcia.wdm.WebDriverManager - Driver chromedriver 106.0.5249.61 found in cache
17:29:20.215 [main] INFO io.github.bonigarcia.wdm.WebDriverManager - Exporting webdriver.chrome.driver as C:\Users\ASUS\.cache\selenium\chromedriver\win32\106.0.5249.61\chromedriver.exe
17:29:20.392 [main] DEBUG net.serenitybdd.core.webdriver.driverproviders.ProvideNewDriver - Instantiating driver
17:29:20.392 [main] DEBUG net.serenitybdd.core.webdriver.driverproviders.ProvideNewDriver - Driver capabilities: Capabilities {acceptInsecureCerts: false, base.url: https://demoqa.com/books, browserName: chrome, chrome.driver: src/test/resources/webdrive..., driver: chrome, goog:chromeOptions: {args: [], extensions: []}}
17:29:20.956 [AsyncHttpClient-1-5] DEBUG org.asynchttpclient.netty.channel.NettyConnectListener - Using new Channel '[id: 0x07f0621c, L:/127.0.0.1:57754 - R:localhost/127.0.0.1:53395]' for 'POST' to '/session'
17:29:21.760 [AsyncHttpClient-1-5] DEBUG org.asynchttpclient.netty.handler.HttpHandler - 

Request DefaultHttpRequest(decodeResult: success, version: HTTP/1.1)
POST /session HTTP/1.1
User-Agent: selenium/4.1.2 (java windows)
Content-Length: 610
Content-Type: application/json; charset=utf-8
host: localhost:53395
accept: */*

Response DefaultHttpResponse(decodeResult: success, version: HTTP/1.1)
HTTP/1.1 200 OK
Content-Type: application/json; charset=utf-8
cache-control: no-cache
content-length: 789

17:29:21.761 [AsyncHttpClient-1-5] DEBUG org.asynchttpclient.netty.channel.ChannelManager - Adding key: http://localhost:53395 for channel [id: 0x07f0621c, L:/127.0.0.1:57754 - R:localhost/127.0.0.1:53395]
17:29:21.778 [AsyncHttpClient-1-6] DEBUG org.asynchttpclient.netty.channel.NettyConnectListener - Using new Channel '[id: 0x6f6384cf, L:/127.0.0.1:57761 - R:localhost/127.0.0.1:57755]' for 'GET' to '/json/version'
17:29:21.783 [AsyncHttpClient-1-6] DEBUG org.asynchttpclient.netty.handler.HttpHandler - 

Request DefaultFullHttpRequest(decodeResult: success, version: HTTP/1.1, content: EmptyByteBufBE)
GET /json/version HTTP/1.1
User-Agent: selenium/4.1.2 (java windows)
host: localhost:57755
accept: */*

Response DefaultHttpResponse(decodeResult: success, version: HTTP/1.1)
HTTP/1.1 200 OK
Content-Type: application/json; charset=UTF-8
content-length: 423

17:29:21.784 [AsyncHttpClient-1-6] DEBUG org.asynchttpclient.netty.channel.ChannelManager - Adding key: http://localhost:57755 for channel [id: 0x6f6384cf, L:/127.0.0.1:57761 - R:localhost/127.0.0.1:57755]
17:29:21.789 [AsyncHttpClient-1-7] DEBUG org.asynchttpclient.netty.channel.NettyConnectListener - Using new Channel '[id: 0x57b2ef8f, L:/127.0.0.1:57762 - R:localhost/127.0.0.1:57755]' for 'GET' to '/devtools/browser/66e2cd2b-c080-4a34-9835-96c1f34d57d8'
17:29:21.795 [AsyncHttpClient-1-7] DEBUG org.asynchttpclient.netty.handler.WebSocketHandler - 

Request DefaultFullHttpRequest(decodeResult: success, version: HTTP/1.1, content: EmptyByteBufBE)
GET /devtools/browser/66e2cd2b-c080-4a34-9835-96c1f34d57d8 HTTP/1.1
upgrade: websocket
connection: upgrade
sec-websocket-key: +5GTXM2TKf8k6aMPaI1h0w==
sec-websocket-version: 13
origin: http://localhost:57755
host: localhost:57755
accept: */*
user-agent: AHC/2.1

Response DefaultHttpResponse(decodeResult: success, version: HTTP/1.1)
HTTP/1.1 101 WebSocket Protocol Handshake
Upgrade: WebSocket
Connection: Upgrade
Sec-WebSocket-Accept: WSg1EFipUvw0pRZ2eQd0chSmW/g=

17:29:21.803 [Forwarding get on session b880ccf2cbd6ba8ccbe488f42c30855a to remote] DEBUG org.asynchttpclient.netty.request.NettyRequestSender - Using pooled Channel '[id: 0x07f0621c, L:/127.0.0.1:57754 - R:localhost/127.0.0.1:53395]' for 'POST' to 'http://localhost:53395/session/b880ccf2cbd6ba8ccbe488f42c30855a/url'
17:29:21.803 [Forwarding get on session b880ccf2cbd6ba8ccbe488f42c30855a to remote] DEBUG org.asynchttpclient.netty.request.NettyRequestSender - Using open Channel [id: 0x07f0621c, L:/127.0.0.1:57754 - R:localhost/127.0.0.1:53395] for POST '/session/b880ccf2cbd6ba8ccbe488f42c30855a/url'
17:29:22.236 [AsyncHttpClient-1-1] DEBUG org.asynchttpclient.netty.channel.DefaultChannelPool - Entry count for : http://localhost:57755 : 1
17:29:23.344 [AsyncHttpClient-1-1] DEBUG org.asynchttpclient.netty.channel.DefaultChannelPool - Entry count for : http://localhost:57755 : 1
17:29:24.437 [AsyncHttpClient-1-1] DEBUG org.asynchttpclient.netty.channel.DefaultChannelPool - Entry count for : http://localhost:57755 : 1
17:29:25.537 [AsyncHttpClient-1-1] DEBUG org.asynchttpclient.netty.channel.DefaultChannelPool - Entry count for : http://localhost:57755 : 1
17:29:26.637 [AsyncHttpClient-1-1] DEBUG org.asynchttpclient.netty.channel.DefaultChannelPool - Entry count for : http://localhost:57755 : 1
17:29:27.742 [AsyncHttpClient-1-1] DEBUG org.asynchttpclient.netty.channel.DefaultChannelPool - Entry count for : http://localhost:57755 : 1
17:29:28.843 [AsyncHttpClient-1-1] DEBUG org.asynchttpclient.netty.channel.DefaultChannelPool - Entry count for : http://localhost:57755 : 1
17:29:29.208 [AsyncHttpClient-1-5] DEBUG org.asynchttpclient.netty.handler.HttpHandler - 

Request DefaultHttpRequest(decodeResult: success, version: HTTP/1.1)
POST /session/b880ccf2cbd6ba8ccbe488f42c30855a/url HTTP/1.1
User-Agent: selenium/4.1.2 (java windows)
Content-Length: 60
Content-Type: application/json; charset=utf-8
host: localhost:53395
accept: */*

Response DefaultHttpResponse(decodeResult: success, version: HTTP/1.1)
HTTP/1.1 200 OK
Content-Type: application/json; charset=utf-8
cache-control: no-cache
content-length: 14

17:29:29.208 [AsyncHttpClient-1-5] DEBUG org.asynchttpclient.netty.channel.ChannelManager - Adding key: http://localhost:53395 for channel [id: 0x07f0621c, L:/127.0.0.1:57754 - R:localhost/127.0.0.1:53395]
17:29:29.212 [Forwarding setTimeout on session b880ccf2cbd6ba8ccbe488f42c30855a to remote] DEBUG org.asynchttpclient.netty.request.NettyRequestSender - Using pooled Channel '[id: 0x07f0621c, L:/127.0.0.1:57754 - R:localhost/127.0.0.1:53395]' for 'POST' to 'http://localhost:53395/session/b880ccf2cbd6ba8ccbe488f42c30855a/timeouts'
17:29:29.212 [Forwarding setTimeout on session b880ccf2cbd6ba8ccbe488f42c30855a to remote] DEBUG org.asynchttpclient.netty.request.NettyRequestSender - Using open Channel [id: 0x07f0621c, L:/127.0.0.1:57754 - R:localhost/127.0.0.1:53395] for POST '/session/b880ccf2cbd6ba8ccbe488f42c30855a/timeouts'
17:29:29.215 [AsyncHttpClient-1-5] DEBUG org.asynchttpclient.netty.handler.HttpHandler - 

Request DefaultHttpRequest(decodeResult: success, version: HTTP/1.1)
POST /session/b880ccf2cbd6ba8ccbe488f42c30855a/timeouts HTTP/1.1
User-Agent: selenium/4.1.2 (java windows)
Content-Length: 22
Content-Type: application/json; charset=utf-8
host: localhost:53395
accept: */*

Response DefaultHttpResponse(decodeResult: success, version: HTTP/1.1)
HTTP/1.1 200 OK
Content-Type: application/json; charset=utf-8
cache-control: no-cache
content-length: 14

17:29:29.215 [AsyncHttpClient-1-5] DEBUG org.asynchttpclient.netty.channel.ChannelManager - Adding key: http://localhost:53395 for channel [id: 0x07f0621c, L:/127.0.0.1:57754 - R:localhost/127.0.0.1:53395]
17:29:29.217 [Forwarding getCurrentUrl on session b880ccf2cbd6ba8ccbe488f42c30855a to remote] DEBUG org.asynchttpclient.netty.request.NettyRequestSender - Using pooled Channel '[id: 0x07f0621c, L:/127.0.0.1:57754 - R:localhost/127.0.0.1:53395]' for 'GET' to 'http://localhost:53395/session/b880ccf2cbd6ba8ccbe488f42c30855a/url'
17:29:29.217 [Forwarding getCurrentUrl on session b880ccf2cbd6ba8ccbe488f42c30855a to remote] DEBUG org.asynchttpclient.netty.request.NettyRequestSender - Using open Channel [id: 0x07f0621c, L:/127.0.0.1:57754 - R:localhost/127.0.0.1:53395] for GET '/session/b880ccf2cbd6ba8ccbe488f42c30855a/url'
17:29:29.225 [AsyncHttpClient-1-5] DEBUG org.asynchttpclient.netty.handler.HttpHandler - 

Request DefaultFullHttpRequest(decodeResult: success, version: HTTP/1.1, content: EmptyByteBufBE)
GET /session/b880ccf2cbd6ba8ccbe488f42c30855a/url HTTP/1.1
User-Agent: selenium/4.1.2 (java windows)
Cache-Control: no-cache
Content-Type: application/json; charset=utf-8
host: localhost:53395
accept: */*

Response DefaultHttpResponse(decodeResult: success, version: HTTP/1.1)
HTTP/1.1 200 OK
Content-Type: application/json; charset=utf-8
cache-control: no-cache
content-length: 37

17:29:29.226 [AsyncHttpClient-1-5] DEBUG org.asynchttpclient.netty.channel.ChannelManager - Adding key: http://localhost:53395 for channel [id: 0x07f0621c, L:/127.0.0.1:57754 - R:localhost/127.0.0.1:53395]
17:29:29.231 [Forwarding findElement on session b880ccf2cbd6ba8ccbe488f42c30855a to remote] DEBUG org.asynchttpclient.netty.request.NettyRequestSender - Using pooled Channel '[id: 0x07f0621c, L:/127.0.0.1:57754 - R:localhost/127.0.0.1:53395]' for 'POST' to 'http://localhost:53395/session/b880ccf2cbd6ba8ccbe488f42c30855a/element'
17:29:29.231 [Forwarding findElement on session b880ccf2cbd6ba8ccbe488f42c30855a to remote] DEBUG org.asynchttpclient.netty.request.NettyRequestSender - Using open Channel [id: 0x07f0621c, L:/127.0.0.1:57754 - R:localhost/127.0.0.1:53395] for POST '/session/b880ccf2cbd6ba8ccbe488f42c30855a/element'
17:29:29.245 [AsyncHttpClient-1-5] DEBUG org.asynchttpclient.netty.handler.HttpHandler - 

Request DefaultHttpRequest(decodeResult: success, version: HTTP/1.1)
POST /session/b880ccf2cbd6ba8ccbe488f42c30855a/element HTTP/1.1
User-Agent: selenium/4.1.2 (java windows)
Content-Length: 50
Content-Type: application/json; charset=utf-8
host: localhost:53395
accept: */*

Response DefaultHttpResponse(decodeResult: success, version: HTTP/1.1)
HTTP/1.1 200 OK
Content-Type: application/json; charset=utf-8
cache-control: no-cache
content-length: 88

17:29:29.245 [AsyncHttpClient-1-5] DEBUG org.asynchttpclient.netty.channel.ChannelManager - Adding key: http://localhost:53395 for channel [id: 0x07f0621c, L:/127.0.0.1:57754 - R:localhost/127.0.0.1:53395]
17:29:29.250 [Forwarding isElementDisplayed on session b880ccf2cbd6ba8ccbe488f42c30855a to remote] DEBUG org.asynchttpclient.netty.request.NettyRequestSender - Using pooled Channel '[id: 0x07f0621c, L:/127.0.0.1:57754 - R:localhost/127.0.0.1:53395]' for 'POST' to 'http://localhost:53395/session/b880ccf2cbd6ba8ccbe488f42c30855a/execute/sync'
17:29:29.250 [Forwarding isElementDisplayed on session b880ccf2cbd6ba8ccbe488f42c30855a to remote] DEBUG org.asynchttpclient.netty.request.NettyRequestSender - Using open Channel [id: 0x07f0621c, L:/127.0.0.1:57754 - R:localhost/127.0.0.1:53395] for POST '/session/b880ccf2cbd6ba8ccbe488f42c30855a/execute/sync'
17:29:29.271 [AsyncHttpClient-1-5] DEBUG org.asynchttpclient.netty.handler.HttpHandler - 

Request DefaultHttpRequest(decodeResult: success, version: HTTP/1.1)
POST /session/b880ccf2cbd6ba8ccbe488f42c30855a/execute/sync HTTP/1.1
User-Agent: selenium/4.1.2 (java windows)
Content-Length: 48780
Content-Type: application/json; charset=utf-8
host: localhost:53395
accept: */*

Response DefaultHttpResponse(decodeResult: success, version: HTTP/1.1)
HTTP/1.1 200 OK
Content-Type: application/json; charset=utf-8
cache-control: no-cache
content-length: 14

17:29:29.272 [AsyncHttpClient-1-5] DEBUG org.asynchttpclient.netty.channel.ChannelManager - Adding key: http://localhost:53395 for channel [id: 0x07f0621c, L:/127.0.0.1:57754 - R:localhost/127.0.0.1:53395]
17:29:29.276 [Forwarding findElement on session b880ccf2cbd6ba8ccbe488f42c30855a to remote] DEBUG org.asynchttpclient.netty.request.NettyRequestSender - Using pooled Channel '[id: 0x07f0621c, L:/127.0.0.1:57754 - R:localhost/127.0.0.1:53395]' for 'POST' to 'http://localhost:53395/session/b880ccf2cbd6ba8ccbe488f42c30855a/element'
17:29:29.276 [Forwarding findElement on session b880ccf2cbd6ba8ccbe488f42c30855a to remote] DEBUG org.asynchttpclient.netty.request.NettyRequestSender - Using open Channel [id: 0x07f0621c, L:/127.0.0.1:57754 - R:localhost/127.0.0.1:53395] for POST '/session/b880ccf2cbd6ba8ccbe488f42c30855a/element'
17:29:29.285 [AsyncHttpClient-1-5] DEBUG org.asynchttpclient.netty.handler.HttpHandler - 

Request DefaultHttpRequest(decodeResult: success, version: HTTP/1.1)
POST /session/b880ccf2cbd6ba8ccbe488f42c30855a/element HTTP/1.1
User-Agent: selenium/4.1.2 (java windows)
Content-Length: 50
Content-Type: application/json; charset=utf-8
host: localhost:53395
accept: */*

Response DefaultHttpResponse(decodeResult: success, version: HTTP/1.1)
HTTP/1.1 200 OK
Content-Type: application/json; charset=utf-8
cache-control: no-cache
content-length: 88

17:29:29.286 [AsyncHttpClient-1-5] DEBUG org.asynchttpclient.netty.channel.ChannelManager - Adding key: http://localhost:53395 for channel [id: 0x07f0621c, L:/127.0.0.1:57754 - R:localhost/127.0.0.1:53395]
17:29:29.288 [Forwarding getElementTagName on session b880ccf2cbd6ba8ccbe488f42c30855a to remote] DEBUG org.asynchttpclient.netty.request.NettyRequestSender - Using pooled Channel '[id: 0x07f0621c, L:/127.0.0.1:57754 - R:localhost/127.0.0.1:53395]' for 'GET' to 'http://localhost:53395/session/b880ccf2cbd6ba8ccbe488f42c30855a/element/83b73680-681a-4920-8eaf-e16fed045c48/name'
17:29:29.288 [Forwarding getElementTagName on session b880ccf2cbd6ba8ccbe488f42c30855a to remote] DEBUG org.asynchttpclient.netty.request.NettyRequestSender - Using open Channel [id: 0x07f0621c, L:/127.0.0.1:57754 - R:localhost/127.0.0.1:53395] for GET '/session/b880ccf2cbd6ba8ccbe488f42c30855a/element/83b73680-681a-4920-8eaf-e16fed045c48/name'
17:29:29.293 [AsyncHttpClient-1-5] DEBUG org.asynchttpclient.netty.handler.HttpHandler - 

Request DefaultFullHttpRequest(decodeResult: success, version: HTTP/1.1, content: EmptyByteBufBE)
GET /session/b880ccf2cbd6ba8ccbe488f42c30855a/element/83b73680-681a-4920-8eaf-e16fed045c48/name HTTP/1.1
User-Agent: selenium/4.1.2 (java windows)
Cache-Control: no-cache
Content-Type: application/json; charset=utf-8
host: localhost:53395
accept: */*

Response DefaultHttpResponse(decodeResult: success, version: HTTP/1.1)
HTTP/1.1 200 OK
Content-Type: application/json; charset=utf-8
cache-control: no-cache
content-length: 18

17:29:29.294 [AsyncHttpClient-1-5] DEBUG org.asynchttpclient.netty.channel.ChannelManager - Adding key: http://localhost:53395 for channel [id: 0x07f0621c, L:/127.0.0.1:57754 - R:localhost/127.0.0.1:53395]
17:29:29.296 [Forwarding getElementTagName on session b880ccf2cbd6ba8ccbe488f42c30855a to remote] DEBUG org.asynchttpclient.netty.request.NettyRequestSender - Using pooled Channel '[id: 0x07f0621c, L:/127.0.0.1:57754 - R:localhost/127.0.0.1:53395]' for 'GET' to 'http://localhost:53395/session/b880ccf2cbd6ba8ccbe488f42c30855a/element/83b73680-681a-4920-8eaf-e16fed045c48/name'
17:29:29.296 [Forwarding getElementTagName on session b880ccf2cbd6ba8ccbe488f42c30855a to remote] DEBUG org.asynchttpclient.netty.request.NettyRequestSender - Using open Channel [id: 0x07f0621c, L:/127.0.0.1:57754 - R:localhost/127.0.0.1:53395] for GET '/session/b880ccf2cbd6ba8ccbe488f42c30855a/element/83b73680-681a-4920-8eaf-e16fed045c48/name'
17:29:29.302 [AsyncHttpClient-1-5] DEBUG org.asynchttpclient.netty.handler.HttpHandler - 

Request DefaultFullHttpRequest(decodeResult: success, version: HTTP/1.1, content: EmptyByteBufBE)
GET /session/b880ccf2cbd6ba8ccbe488f42c30855a/element/83b73680-681a-4920-8eaf-e16fed045c48/name HTTP/1.1
User-Agent: selenium/4.1.2 (java windows)
Cache-Control: no-cache
Content-Type: application/json; charset=utf-8
host: localhost:53395
accept: */*

Response DefaultHttpResponse(decodeResult: success, version: HTTP/1.1)
HTTP/1.1 200 OK
Content-Type: application/json; charset=utf-8
cache-control: no-cache
content-length: 18

17:29:29.303 [AsyncHttpClient-1-5] DEBUG org.asynchttpclient.netty.channel.ChannelManager - Adding key: http://localhost:53395 for channel [id: 0x07f0621c, L:/127.0.0.1:57754 - R:localhost/127.0.0.1:53395]
17:29:29.305 [Forwarding isElementEnabled on session b880ccf2cbd6ba8ccbe488f42c30855a to remote] DEBUG org.asynchttpclient.netty.request.NettyRequestSender - Using pooled Channel '[id: 0x07f0621c, L:/127.0.0.1:57754 - R:localhost/127.0.0.1:53395]' for 'GET' to 'http://localhost:53395/session/b880ccf2cbd6ba8ccbe488f42c30855a/element/83b73680-681a-4920-8eaf-e16fed045c48/enabled'
17:29:29.306 [Forwarding isElementEnabled on session b880ccf2cbd6ba8ccbe488f42c30855a to remote] DEBUG org.asynchttpclient.netty.request.NettyRequestSender - Using open Channel [id: 0x07f0621c, L:/127.0.0.1:57754 - R:localhost/127.0.0.1:53395] for GET '/session/b880ccf2cbd6ba8ccbe488f42c30855a/element/83b73680-681a-4920-8eaf-e16fed045c48/enabled'
17:29:29.316 [AsyncHttpClient-1-5] DEBUG org.asynchttpclient.netty.handler.HttpHandler - 

Request DefaultFullHttpRequest(decodeResult: success, version: HTTP/1.1, content: EmptyByteBufBE)
GET /session/b880ccf2cbd6ba8ccbe488f42c30855a/element/83b73680-681a-4920-8eaf-e16fed045c48/enabled HTTP/1.1
User-Agent: selenium/4.1.2 (java windows)
Cache-Control: no-cache
Content-Type: application/json; charset=utf-8
host: localhost:53395
accept: */*

Response DefaultHttpResponse(decodeResult: success, version: HTTP/1.1)
HTTP/1.1 200 OK
Content-Type: application/json; charset=utf-8
cache-control: no-cache
content-length: 14

17:29:29.316 [AsyncHttpClient-1-5] DEBUG org.asynchttpclient.netty.channel.ChannelManager - Adding key: http://localhost:53395 for channel [id: 0x07f0621c, L:/127.0.0.1:57754 - R:localhost/127.0.0.1:53395]
17:29:29.318 [Forwarding isElementEnabled on session b880ccf2cbd6ba8ccbe488f42c30855a to remote] DEBUG org.asynchttpclient.netty.request.NettyRequestSender - Using pooled Channel '[id: 0x07f0621c, L:/127.0.0.1:57754 - R:localhost/127.0.0.1:53395]' for 'GET' to 'http://localhost:53395/session/b880ccf2cbd6ba8ccbe488f42c30855a/element/83b73680-681a-4920-8eaf-e16fed045c48/enabled'
17:29:29.318 [Forwarding isElementEnabled on session b880ccf2cbd6ba8ccbe488f42c30855a to remote] DEBUG org.asynchttpclient.netty.request.NettyRequestSender - Using open Channel [id: 0x07f0621c, L:/127.0.0.1:57754 - R:localhost/127.0.0.1:53395] for GET '/session/b880ccf2cbd6ba8ccbe488f42c30855a/element/83b73680-681a-4920-8eaf-e16fed045c48/enabled'
17:29:29.326 [AsyncHttpClient-1-5] DEBUG org.asynchttpclient.netty.handler.HttpHandler - 

Request DefaultFullHttpRequest(decodeResult: success, version: HTTP/1.1, content: EmptyByteBufBE)
GET /session/b880ccf2cbd6ba8ccbe488f42c30855a/element/83b73680-681a-4920-8eaf-e16fed045c48/enabled HTTP/1.1
User-Agent: selenium/4.1.2 (java windows)
Cache-Control: no-cache
Content-Type: application/json; charset=utf-8
host: localhost:53395
accept: */*

Response DefaultHttpResponse(decodeResult: success, version: HTTP/1.1)
HTTP/1.1 200 OK
Content-Type: application/json; charset=utf-8
cache-control: no-cache
content-length: 14

17:29:29.327 [AsyncHttpClient-1-5] DEBUG org.asynchttpclient.netty.channel.ChannelManager - Adding key: http://localhost:53395 for channel [id: 0x07f0621c, L:/127.0.0.1:57754 - R:localhost/127.0.0.1:53395]
17:29:29.329 [Forwarding findElement on session b880ccf2cbd6ba8ccbe488f42c30855a to remote] DEBUG org.asynchttpclient.netty.request.NettyRequestSender - Using pooled Channel '[id: 0x07f0621c, L:/127.0.0.1:57754 - R:localhost/127.0.0.1:53395]' for 'POST' to 'http://localhost:53395/session/b880ccf2cbd6ba8ccbe488f42c30855a/element'
17:29:29.330 [Forwarding findElement on session b880ccf2cbd6ba8ccbe488f42c30855a to remote] DEBUG org.asynchttpclient.netty.request.NettyRequestSender - Using open Channel [id: 0x07f0621c, L:/127.0.0.1:57754 - R:localhost/127.0.0.1:53395] for POST '/session/b880ccf2cbd6ba8ccbe488f42c30855a/element'
17:29:29.348 [AsyncHttpClient-1-5] DEBUG org.asynchttpclient.netty.handler.HttpHandler - 

Request DefaultHttpRequest(decodeResult: success, version: HTTP/1.1)
POST /session/b880ccf2cbd6ba8ccbe488f42c30855a/element HTTP/1.1
User-Agent: selenium/4.1.2 (java windows)
Content-Length: 50
Content-Type: application/json; charset=utf-8
host: localhost:53395
accept: */*

Response DefaultHttpResponse(decodeResult: success, version: HTTP/1.1)
HTTP/1.1 200 OK
Content-Type: application/json; charset=utf-8
cache-control: no-cache
content-length: 88

17:29:29.348 [AsyncHttpClient-1-5] DEBUG org.asynchttpclient.netty.channel.ChannelManager - Adding key: http://localhost:53395 for channel [id: 0x07f0621c, L:/127.0.0.1:57754 - R:localhost/127.0.0.1:53395]
17:29:29.350 [Forwarding clickElement on session b880ccf2cbd6ba8ccbe488f42c30855a to remote] DEBUG org.asynchttpclient.netty.request.NettyRequestSender - Using pooled Channel '[id: 0x07f0621c, L:/127.0.0.1:57754 - R:localhost/127.0.0.1:53395]' for 'POST' to 'http://localhost:53395/session/b880ccf2cbd6ba8ccbe488f42c30855a/element/83b73680-681a-4920-8eaf-e16fed045c48/click'
17:29:29.350 [Forwarding clickElement on session b880ccf2cbd6ba8ccbe488f42c30855a to remote] DEBUG org.asynchttpclient.netty.request.NettyRequestSender - Using open Channel [id: 0x07f0621c, L:/127.0.0.1:57754 - R:localhost/127.0.0.1:53395] for POST '/session/b880ccf2cbd6ba8ccbe488f42c30855a/element/83b73680-681a-4920-8eaf-e16fed045c48/click'
17:29:29.449 [AsyncHttpClient-1-5] DEBUG org.asynchttpclient.netty.handler.HttpHandler - 

Request DefaultHttpRequest(decodeResult: success, version: HTTP/1.1)
POST /session/b880ccf2cbd6ba8ccbe488f42c30855a/element/83b73680-681a-4920-8eaf-e16fed045c48/click HTTP/1.1
User-Agent: selenium/4.1.2 (java windows)
Content-Length: 50
Content-Type: application/json; charset=utf-8
host: localhost:53395
accept: */*

Response DefaultHttpResponse(decodeResult: success, version: HTTP/1.1)
HTTP/1.1 200 OK
Content-Type: application/json; charset=utf-8
cache-control: no-cache
content-length: 14

17:29:29.450 [AsyncHttpClient-1-5] DEBUG org.asynchttpclient.netty.channel.ChannelManager - Adding key: http://localhost:53395 for channel [id: 0x07f0621c, L:/127.0.0.1:57754 - R:localhost/127.0.0.1:53395]
  &amp#27;[32mGiven &amp#27;[0m&amp#27;[32mI am on the login page&amp#27;[0m                   &amp#27;[90m# starter.stepdefinitions.LoginStep.iAmOnTheLoginPage()&amp#27;[0m
17:29:29.463 [Forwarding screenshot on session b880ccf2cbd6ba8ccbe488f42c30855a to remote] DEBUG org.asynchttpclient.netty.request.NettyRequestSender - Using pooled Channel '[id: 0x07f0621c, L:/127.0.0.1:57754 - R:localhost/127.0.0.1:53395]' for 'GET' to 'http://localhost:53395/session/b880ccf2cbd6ba8ccbe488f42c30855a/screenshot'
17:29:29.463 [Forwarding screenshot on session b880ccf2cbd6ba8ccbe488f42c30855a to remote] DEBUG org.asynchttpclient.netty.request.NettyRequestSender - Using open Channel [id: 0x07f0621c, L:/127.0.0.1:57754 - R:localhost/127.0.0.1:53395] for GET '/session/b880ccf2cbd6ba8ccbe488f42c30855a/screenshot'
17:29:29.708 [AsyncHttpClient-1-5] DEBUG org.asynchttpclient.netty.handler.HttpHandler - 

Request DefaultFullHttpRequest(decodeResult: success, version: HTTP/1.1, content: EmptyByteBufBE)
GET /session/b880ccf2cbd6ba8ccbe488f42c30855a/screenshot HTTP/1.1
User-Agent: selenium/4.1.2 (java windows)
Cache-Control: no-cache
Content-Type: application/json; charset=utf-8
host: localhost:53395
accept: */*

Response DefaultHttpResponse(decodeResult: success, version: HTTP/1.1)
HTTP/1.1 200 OK
Content-Type: application/json; charset=utf-8
cache-control: no-cache
content-length: 340924

17:29:29.710 [AsyncHttpClient-1-5] DEBUG org.asynchttpclient.netty.channel.ChannelManager - Adding key: http://localhost:53395 for channel [id: 0x07f0621c, L:/127.0.0.1:57754 - R:localhost/127.0.0.1:53395]
[...]

17:30:27.327 [AsyncHttpClient-1-4] DEBUG org.asynchttpclient.netty.channel.ChannelManager - Adding key: http://localhost:54442 for channel [id: 0xf316da75, L:/127.0.0.1:58104 - R:localhost/127.0.0.1:54442]
17:30:27.329 [Forwarding getElementTagName on session cdab9b5b3f931bc9f8b68f564b15bf62 to remote] DEBUG org.asynchttpclient.netty.request.NettyRequestSender - Using pooled Channel '[id: 0xf316da75, L:/127.0.0.1:58104 - R:localhost/127.0.0.1:54442]' for 'GET' to 'http://localhost:54442/session/cdab9b5b3f931bc9f8b68f564b15bf62/element/00d993b5-0796-43aa-9e7a-8eab3e0ce9ee/name'
17:30:27.329 [Forwarding getElementTagName on session cdab9b5b3f931bc9f8b68f564b15bf62 to remote] DEBUG org.asynchttpclient.netty.request.NettyRequestSender - Using open Channel [id: 0xf316da75, L:/127.0.0.1:58104 - R:localhost/127.0.0.1:54442] for GET '/session/cdab9b5b3f931bc9f8b68f564b15bf62/element/00d993b5-0796-43aa-9e7a-8eab3e0ce9ee/name'
17:30:27.333 [AsyncHttpClient-1-4] DEBUG org.asynchttpclient.netty.handler.HttpHandler - 

Request DefaultFullHttpRequest(decodeResult: success, version: HTTP/1.1, content: EmptyByteBufBE)
GET /session/cdab9b5b3f931bc9f8b68f564b15bf62/element/00d993b5-0796-43aa-9e7a-8eab3e0ce9ee/name HTTP/1.1
User-Agent: selenium/4.1.2 (java windows)
Cache-Control: no-cache
Content-Type: application/json; charset=utf-8
host: localhost:54442
accept: */*

Response DefaultHttpResponse(decodeResult: success, version: HTTP/1.1)
HTTP/1.1 200 OK
Content-Type: application/json; charset=utf-8
cache-control: no-cache
content-length: 18

17:30:27.333 [AsyncHttpClient-1-4] DEBUG org.asynchttpclient.netty.channel.ChannelManager - Adding key: http://localhost:54442 for channel [id: 0xf316da75, L:/127.0.0.1:58104 - R:localhost/127.0.0.1:54442]
17:30:27.337 [Forwarding isElementEnabled on session cdab9b5b3f931bc9f8b68f564b15bf62 to remote] DEBUG org.asynchttpclient.netty.request.NettyRequestSender - Using pooled Channel '[id: 0xf316da75, L:/127.0.0.1:58104 - R:localhost/127.0.0.1:54442]' for 'GET' to 'http://localhost:54442/session/cdab9b5b3f931bc9f8b68f564b15bf62/element/00d993b5-0796-43aa-9e7a-8eab3e0ce9ee/enabled'
17:30:27.337 [Forwarding isElementEnabled on session cdab9b5b3f931bc9f8b68f564b15bf62 to remote] DEBUG org.asynchttpclient.netty.request.NettyRequestSender - Using open Channel [id: 0xf316da75, L:/127.0.0.1:58104 - R:localhost/127.0.0.1:54442] for GET '/session/cdab9b5b3f931bc9f8b68f564b15bf62/element/00d993b5-0796-43aa-9e7a-8eab3e0ce9ee/enabled'
17:30:27.350 [AsyncHttpClient-1-4] DEBUG org.asynchttpclient.netty.handler.HttpHandler - 

Request DefaultFullHttpRequest(decodeResult: success, version: HTTP/1.1, content: EmptyByteBufBE)
GET /session/cdab9b5b3f931bc9f8b68f564b15bf62/element/00d993b5-0796-43aa-9e7a-8eab3e0ce9ee/enabled HTTP/1.1
User-Agent: selenium/4.1.2 (java windows)
Cache-Control: no-cache
Content-Type: application/json; charset=utf-8
host: localhost:54442
accept: */*

Response DefaultHttpResponse(decodeResult: success, version: HTTP/1.1)
HTTP/1.1 200 OK
Content-Type: application/json; charset=utf-8
cache-control: no-cache
content-length: 14

17:30:27.350 [AsyncHttpClient-1-4] DEBUG org.asynchttpclient.netty.channel.ChannelManager - Adding key: http://localhost:54442 for channel [id: 0xf316da75, L:/127.0.0.1:58104 - R:localhost/127.0.0.1:54442]
17:30:27.352 [Forwarding isElementEnabled on session cdab9b5b3f931bc9f8b68f564b15bf62 to remote] DEBUG org.asynchttpclient.netty.request.NettyRequestSender - Using pooled Channel '[id: 0xf316da75, L:/127.0.0.1:58104 - R:localhost/127.0.0.1:54442]' for 'GET' to 'http://localhost:54442/session/cdab9b5b3f931bc9f8b68f564b15bf62/element/00d993b5-0796-43aa-9e7a-8eab3e0ce9ee/enabled'
17:30:27.352 [Forwarding isElementEnabled on session cdab9b5b3f931bc9f8b68f564b15bf62 to remote] DEBUG org.asynchttpclient.netty.request.NettyRequestSender - Using open Channel [id: 0xf316da75, L:/127.0.0.1:58104 - R:localhost/127.0.0.1:54442] for GET '/session/cdab9b5b3f931bc9f8b68f564b15bf62/element/00d993b5-0796-43aa-9e7a-8eab3e0ce9ee/enabled'
17:30:27.360 [AsyncHttpClient-1-4] DEBUG org.asynchttpclient.netty.handler.HttpHandler - 

Request DefaultFullHttpRequest(decodeResult: success, version: HTTP/1.1, content: EmptyByteBufBE)
GET /session/cdab9b5b3f931bc9f8b68f564b15bf62/element/00d993b5-0796-43aa-9e7a-8eab3e0ce9ee/enabled HTTP/1.1
User-Agent: selenium/4.1.2 (java windows)
Cache-Control: no-cache
Content-Type: application/json; charset=utf-8
host: localhost:54442
accept: */*

Response DefaultHttpResponse(decodeResult: success, version: HTTP/1.1)
HTTP/1.1 200 OK
Content-Type: application/json; charset=utf-8
cache-control: no-cache
content-length: 14

17:30:27.360 [AsyncHttpClient-1-4] DEBUG org.asynchttpclient.netty.channel.ChannelManager - Adding key: http://localhost:54442 for channel [id: 0xf316da75, L:/127.0.0.1:58104 - R:localhost/127.0.0.1:54442]
17:30:27.362 [Forwarding findElement on session cdab9b5b3f931bc9f8b68f564b15bf62 to remote] DEBUG org.asynchttpclient.netty.request.NettyRequestSender - Using pooled Channel '[id: 0xf316da75, L:/127.0.0.1:58104 - R:localhost/127.0.0.1:54442]' for 'POST' to 'http://localhost:54442/session/cdab9b5b3f931bc9f8b68f564b15bf62/element'
17:30:27.362 [Forwarding findElement on session cdab9b5b3f931bc9f8b68f564b15bf62 to remote] DEBUG org.asynchttpclient.netty.request.NettyRequestSender - Using open Channel [id: 0xf316da75, L:/127.0.0.1:58104 - R:localhost/127.0.0.1:54442] for POST '/session/cdab9b5b3f931bc9f8b68f564b15bf62/element'
17:30:27.370 [AsyncHttpClient-1-4] DEBUG org.asynchttpclient.netty.handler.HttpHandler - 

Request DefaultHttpRequest(decodeResult: success, version: HTTP/1.1)
POST /session/cdab9b5b3f931bc9f8b68f564b15bf62/element HTTP/1.1
User-Agent: selenium/4.1.2 (java windows)
Content-Length: 50
Content-Type: application/json; charset=utf-8
host: localhost:54442
accept: */*

Response DefaultHttpResponse(decodeResult: success, version: HTTP/1.1)
HTTP/1.1 200 OK
Content-Type: application/json; charset=utf-8
cache-control: no-cache
content-length: 88

17:30:27.370 [AsyncHttpClient-1-4] DEBUG org.asynchttpclient.netty.channel.ChannelManager - Adding key: http://localhost:54442 for channel [id: 0xf316da75, L:/127.0.0.1:58104 - R:localhost/127.0.0.1:54442]
17:30:27.371 [Forwarding clickElement on session cdab9b5b3f931bc9f8b68f564b15bf62 to remote] DEBUG org.asynchttpclient.netty.request.NettyRequestSender - Using pooled Channel '[id: 0xf316da75, L:/127.0.0.1:58104 - R:localhost/127.0.0.1:54442]' for 'POST' to 'http://localhost:54442/session/cdab9b5b3f931bc9f8b68f564b15bf62/element/00d993b5-0796-43aa-9e7a-8eab3e0ce9ee/click'
17:30:27.372 [Forwarding clickElement on session cdab9b5b3f931bc9f8b68f564b15bf62 to remote] DEBUG org.asynchttpclient.netty.request.NettyRequestSender - Using open Channel [id: 0xf316da75, L:/127.0.0.1:58104 - R:localhost/127.0.0.1:54442] for POST '/session/cdab9b5b3f931bc9f8b68f564b15bf62/element/00d993b5-0796-43aa-9e7a-8eab3e0ce9ee/click'
17:30:27.417 [AsyncHttpClient-1-4] DEBUG org.asynchttpclient.netty.handler.HttpHandler - 

Request DefaultHttpRequest(decodeResult: success, version: HTTP/1.1)
POST /session/cdab9b5b3f931bc9f8b68f564b15bf62/element/00d993b5-0796-43aa-9e7a-8eab3e0ce9ee/click HTTP/1.1
User-Agent: selenium/4.1.2 (java windows)
Content-Length: 50
Content-Type: application/json; charset=utf-8
host: localhost:54442
accept: */*

Response DefaultHttpResponse(decodeResult: success, version: HTTP/1.1)
HTTP/1.1 200 OK
Content-Type: application/json; charset=utf-8
cache-control: no-cache
content-length: 14

17:30:27.417 [AsyncHttpClient-1-4] DEBUG org.asynchttpclient.netty.channel.ChannelManager - Adding key: http://localhost:54442 for channel [id: 0xf316da75, L:/127.0.0.1:58104 - R:localhost/127.0.0.1:54442]
  &amp#27;[32mAnd &amp#27;[0m&amp#27;[32mI click login button&amp#27;[0m                             &amp#27;[90m# starter.stepdefinitions.LoginStep.iClickLoginButton()&amp#27;[0m
17:30:27.428 [Forwarding screenshot on session cdab9b5b3f931bc9f8b68f564b15bf62 to remote] DEBUG org.asynchttpclient.netty.request.NettyRequestSender - Using pooled Channel '[id: 0xf316da75, L:/127.0.0.1:58104 - R:localhost/127.0.0.1:54442]' for 'GET' to 'http://localhost:54442/session/cdab9b5b3f931bc9f8b68f564b15bf62/screenshot'
17:30:27.428 [Forwarding screenshot on session cdab9b5b3f931bc9f8b68f564b15bf62 to remote] DEBUG org.asynchttpclient.netty.request.NettyRequestSender - Using open Channel [id: 0xf316da75, L:/127.0.0.1:58104 - R:localhost/127.0.0.1:54442] for GET '/session/cdab9b5b3f931bc9f8b68f564b15bf62/screenshot'
17:30:27.697 [AsyncHttpClient-1-4] DEBUG org.asynchttpclient.netty.handler.HttpHandler - 

Request DefaultFullHttpRequest(decodeResult: success, version: HTTP/1.1, content: EmptyByteBufBE)
GET /session/cdab9b5b3f931bc9f8b68f564b15bf62/screenshot HTTP/1.1
User-Agent: selenium/4.1.2 (java windows)
Cache-Control: no-cache
Content-Type: application/json; charset=utf-8
host: localhost:54442
accept: */*

Response DefaultHttpResponse(decodeResult: success, version: HTTP/1.1)
HTTP/1.1 200 OK
Content-Type: application/json; charset=utf-8
cache-control: no-cache
content-length: 335680

17:30:27.697 [AsyncHttpClient-1-4] DEBUG org.asynchttpclient.netty.channel.ChannelManager - Adding key: http://localhost:54442 for channel [id: 0xf316da75, L:/127.0.0.1:58104 - R:localhost/127.0.0.1:54442]
17:30:27.711 [main] DEBUG net.serenitybdd.core.photography.Darkroom - Send negative for processing for target\site\serenity\4008c656a3ded61a2447f9d94dad526cb9872dace473781fa055804ab8f6b5ac.png
17:30:27.711 [Darkroom Processing Line] DEBUG net.serenitybdd.core.photography.DarkroomProcessingLine - Processing screenshot image in /var/screenshots/screenshot-14754992424761141980
17:30:27.711 [Darkroom Processing Line] DEBUG net.serenitybdd.core.photography.DarkroomProcessingLine - Saving screenshot to target\site\serenity\4008c656a3ded61a2447f9d94dad526cb9872dace473781fa055804ab8f6b5ac.png
17:30:27.720 [Forwarding findElement on session cdab9b5b3f931bc9f8b68f564b15bf62 to remote] DEBUG org.asynchttpclient.netty.request.NettyRequestSender - Using pooled Channel '[id: 0xf316da75, L:/127.0.0.1:58104 - R:localhost/127.0.0.1:54442]' for 'POST' to 'http://localhost:54442/session/cdab9b5b3f931bc9f8b68f564b15bf62/element'
17:30:27.720 [Forwarding findElement on session cdab9b5b3f931bc9f8b68f564b15bf62 to remote] DEBUG org.asynchttpclient.netty.request.NettyRequestSender - Using open Channel [id: 0xf316da75, L:/127.0.0.1:58104 - R:localhost/127.0.0.1:54442] for POST '/session/cdab9b5b3f931bc9f8b68f564b15bf62/element'
17:30:27.729 [AsyncHttpClient-1-4] DEBUG org.asynchttpclient.netty.handler.HttpHandler - 

Request DefaultHttpRequest(decodeResult: success, version: HTTP/1.1)
POST /session/cdab9b5b3f931bc9f8b68f564b15bf62/element HTTP/1.1
User-Agent: selenium/4.1.2 (java windows)
Content-Length: 53
Content-Type: application/json; charset=utf-8
host: localhost:54442
accept: */*

Response DefaultHttpResponse(decodeResult: success, version: HTTP/1.1)
HTTP/1.1 200 OK
Content-Type: application/json; charset=utf-8
cache-control: no-cache
content-length: 88

17:30:27.729 [AsyncHttpClient-1-4] DEBUG org.asynchttpclient.netty.channel.ChannelManager - Adding key: http://localhost:54442 for channel [id: 0xf316da75, L:/127.0.0.1:58104 - R:localhost/127.0.0.1:54442]
17:30:27.734 [Forwarding getElementAttribute on session cdab9b5b3f931bc9f8b68f564b15bf62 to remote] DEBUG org.asynchttpclient.netty.request.NettyRequestSender - Using pooled Channel '[id: 0xf316da75, L:/127.0.0.1:58104 - R:localhost/127.0.0.1:54442]' for 'POST' to 'http://localhost:54442/session/cdab9b5b3f931bc9f8b68f564b15bf62/execute/sync'
17:30:27.734 [Forwarding getElementAttribute on session cdab9b5b3f931bc9f8b68f564b15bf62 to remote] DEBUG org.asynchttpclient.netty.request.NettyRequestSender - Using open Channel [id: 0xf316da75, L:/127.0.0.1:58104 - R:localhost/127.0.0.1:54442] for POST '/session/cdab9b5b3f931bc9f8b68f564b15bf62/execute/sync'
17:30:27.752 [AsyncHttpClient-1-4] DEBUG org.asynchttpclient.netty.handler.HttpHandler - 

Request DefaultHttpRequest(decodeResult: success, version: HTTP/1.1)
POST /session/cdab9b5b3f931bc9f8b68f564b15bf62/execute/sync HTTP/1.1
User-Agent: selenium/4.1.2 (java windows)
Content-Length: 47340
Content-Type: application/json; charset=utf-8
host: localhost:54442
accept: */*

Response DefaultHttpResponse(decodeResult: success, version: HTTP/1.1)
HTTP/1.1 200 OK
Content-Type: application/json; charset=utf-8
cache-control: no-cache
content-length: 43

17:30:27.752 [AsyncHttpClient-1-4] DEBUG org.asynchttpclient.netty.channel.ChannelManager - Adding key: http://localhost:54442 for channel [id: 0xf316da75, L:/127.0.0.1:58104 - R:localhost/127.0.0.1:54442]
  &amp#27;[32mThen &amp#27;[0m&amp#27;[32mI will get empty password error message&amp#27;[0m         &amp#27;[90m# starter.stepdefinitions.LoginStep.iWillGetEmptyPasswordErrorMessage()&amp#27;[0m
17:30:27.761 [main] INFO  - 
  _____   ___   ___   _____     ___     _     ___   ___   ___   ___  
 |_   _| | __| / __| |_   _|   | _ \   /_\   / __| / __| | __| |   \ 
   | |   | _|  \__ \   | |     |  _/  / _ \  \__ \ \__ \ | _|  | |) |
   |_|   |___| |___/   |_|     |_|   /_/ \_\ |___/ |___/ |___| |___/ 

Login with valid username and empty password
----------------------------------------------------------------------
17:30:27.762 [AsyncHttpClient-1-6] DEBUG org.asynchttpclient.netty.handler.WebSocketHandler - Channel Closed: [id: 0x0e5c4ec2, L:/127.0.0.1:58112 ! R:localhost/127.0.0.1:58105] with attribute NettyResponseFuture{currentRetry=5,
	isDone=1,
	isCancelled=0,
	asyncHandler=org.asynchttpclient.ws.WebSocketUpgradeHandler@4136db12,
	nettyRequest=org.asynchttpclient.netty.request.NettyRequest@bebf2a2,
	future=java.util.concurrent.CompletableFuture@39ac5b0e[Completed normally],
	uri=ws://localhost:58105/devtools/browser/7f230cc7-9281-4bf8-8916-21d08d7d0f00,
	keepAlive=true,
	redirectCount=0,
	timeoutsHolder=null,
	inAuth=0,
	touch=1664965818243}
17:30:27.763 [AsyncHttpClient-1-6] DEBUG org.asynchttpclient.netty.channel.ChannelManager - Closing Channel [id: 0x0e5c4ec2, L:/127.0.0.1:58112 ! R:localhost/127.0.0.1:58105] 
17:30:27.763 [Driver Command Executor] DEBUG org.asynchttpclient.netty.request.NettyRequestSender - Using pooled Channel '[id: 0xf316da75, L:/127.0.0.1:58104 - R:localhost/127.0.0.1:54442]' for 'DELETE' to 'http://localhost:54442/session/cdab9b5b3f931bc9f8b68f564b15bf62'
17:30:27.763 [Driver Command Executor] DEBUG org.asynchttpclient.netty.request.NettyRequestSender - Using open Channel [id: 0xf316da75, L:/127.0.0.1:58104 - R:localhost/127.0.0.1:54442] for DELETE '/session/cdab9b5b3f931bc9f8b68f564b15bf62'
17:30:27.823 [AsyncHttpClient-1-5] DEBUG org.asynchttpclient.netty.handler.HttpHandler - Unexpected I/O exception on channel [id: 0xf0a5b931, L:/127.0.0.1:58111 - R:localhost/127.0.0.1:58105]
java.net.SocketException: Connection reset
	at java.base/sun.nio.ch.SocketChannelImpl.throwConnectionReset(SocketChannelImpl.java:345)
	at java.base/sun.nio.ch.SocketChannelImpl.read(SocketChannelImpl.java:376)
	at io.netty.buffer.PooledByteBuf.setBytes(PooledByteBuf.java:258)
	at io.netty.buffer.AbstractByteBuf.writeBytes(AbstractByteBuf.java:1132)
	at io.netty.channel.socket.nio.NioSocketChannel.doReadBytes(NioSocketChannel.java:350)
	at io.netty.channel.nio.AbstractNioByteChannel$NioByteUnsafe.read(AbstractNioByteChannel.java:151)
	at io.netty.channel.nio.NioEventLoop.processSelectedKey(NioEventLoop.java:722)
	at io.netty.channel.nio.NioEventLoop.processSelectedKeysOptimized(NioEventLoop.java:658)
	at io.netty.channel.nio.NioEventLoop.processSelectedKeys(NioEventLoop.java:584)
	at io.netty.channel.nio.NioEventLoop.run(NioEventLoop.java:496)
	at io.netty.util.concurrent.SingleThreadEventExecutor$4.run(SingleThreadEventExecutor.java:986)
	at io.netty.util.internal.ThreadExecutorMap$2.run(ThreadExecutorMap.java:74)
	at io.netty.util.concurrent.FastThreadLocalRunnable.run(FastThreadLocalRunnable.java:30)
	at java.base/java.lang.Thread.run(Thread.java:830)
17:30:27.823 [AsyncHttpClient-1-5] DEBUG org.asynchttpclient.netty.channel.ChannelManager - Closing Channel [id: 0xf0a5b931, L:/127.0.0.1:58111 - R:localhost/127.0.0.1:58105] 
17:30:27.823 [AsyncHttpClient-1-5] DEBUG org.asynchttpclient.netty.handler.HttpHandler - Channel Closed: [id: 0xf0a5b931, L:/127.0.0.1:58111 ! R:localhost/127.0.0.1:58105] with attribute DISCARD
17:30:27.865 [AsyncHttpClient-1-4] DEBUG org.asynchttpclient.netty.handler.HttpHandler - 

Request DefaultFullHttpRequest(decodeResult: success, version: HTTP/1.1, content: EmptyByteBufBE)
DELETE /session/cdab9b5b3f931bc9f8b68f564b15bf62 HTTP/1.1
User-Agent: selenium/4.1.2 (java windows)
Content-Type: application/json; charset=utf-8
host: localhost:54442
accept: */*

Response DefaultHttpResponse(decodeResult: success, version: HTTP/1.1)
HTTP/1.1 200 OK
Content-Type: application/json; charset=utf-8
cache-control: no-cache
content-length: 14

17:30:27.865 [AsyncHttpClient-1-4] DEBUG org.asynchttpclient.netty.channel.ChannelManager - Adding key: http://localhost:54442 for channel [id: 0xf316da75, L:/127.0.0.1:58104 - R:localhost/127.0.0.1:54442]
17:30:27.953 [AsyncHttpClient-1-4] DEBUG org.asynchttpclient.netty.handler.HttpHandler - Channel Closed: [id: 0xf316da75, L:/127.0.0.1:58104 ! R:localhost/127.0.0.1:54442] with attribute DISCARD
17:30:28.240 [AsyncHttpClient-1-1] DEBUG org.asynchttpclient.netty.channel.DefaultChannelPool - Entry count for : http://localhost:58105 : 1
17:30:28.240 [AsyncHttpClient-1-1] DEBUG org.asynchttpclient.netty.channel.DefaultChannelPool - Entry count for : http://localhost:54442 : 1
17:30:28.240 [AsyncHttpClient-1-1] DEBUG org.asynchttpclient.netty.channel.DefaultChannelPool - Adding Candidate expired Channel [id: 0xf0a5b931, L:/127.0.0.1:58111 ! R:localhost/127.0.0.1:58105] isIdleTimeoutExpired=false isRemotelyClosed=true isTtlExpired=false
17:30:28.240 [AsyncHttpClient-1-1] DEBUG org.asynchttpclient.netty.channel.DefaultChannelPool - Closing Idle Channel [id: 0xf0a5b931, L:/127.0.0.1:58111 ! R:localhost/127.0.0.1:58105]
17:30:28.240 [AsyncHttpClient-1-1] DEBUG org.asynchttpclient.netty.channel.DefaultChannelPool - Adding Candidate expired Channel [id: 0xf316da75, L:/127.0.0.1:58104 ! R:localhost/127.0.0.1:54442] isIdleTimeoutExpired=false isRemotelyClosed=true isTtlExpired=false
17:30:28.240 [AsyncHttpClient-1-1] DEBUG org.asynchttpclient.netty.channel.DefaultChannelPool - Closing Idle Channel [id: 0xf316da75, L:/127.0.0.1:58104 ! R:localhost/127.0.0.1:54442]
17:30:28.240 [AsyncHttpClient-1-1] DEBUG org.asynchttpclient.netty.channel.DefaultChannelPool - Closed 2 connections out of 2 in 0 ms
]]></system-out>
    <system-err><![CDATA[Starting ChromeDriver 106.0.5249.61 (511755355844955cd3e264779baf0dd38212a4d0-refs/branch-heads/5249@{#569}) on port 54442
Only local connections are allowed.
Please see https://chromedriver.chromium.org/security-considerations for suggestions on keeping ChromeDriver safe.
ChromeDriver was started successfully.
Oct 05, 2022 5:30:18 PM org.openqa.selenium.remote.ProtocolHandshake createSession
INFO: Detected dialect: W3C
Oct 05, 2022 5:30:18 PM org.openqa.selenium.devtools.CdpVersionFinder findNearestMatch
WARNING: Unable to find an exact match for CDP version 106, so returning the closest version found: a no-op implementation
Oct 05, 2022 5:30:18 PM org.openqa.selenium.devtools.CdpVersionFinder findNearestMatch
INFO: Unable to find CDP implementation matching 106.
Oct 05, 2022 5:30:18 PM org.openqa.selenium.chromium.ChromiumDriver lambda$new$3
WARNING: Unable to find version of CDP to use for . You may need to include a dependency on a specific version of the CDP using something similar to `org.seleniumhq.selenium:selenium-devtools-v86:4.1.2` where the version ("v86") matches the version of the chromium-based browser you're using and the version number of the artifact is the same as Selenium's.
]]></system-err>
  </testcase>
</testsuite>