-------------------------------------------------------------------------------
Test set: starter.stepdefinitions.CucumberTestSuite
-------------------------------------------------------------------------------
Tests run: 1, Failures: 0, Errors: 1, Skipped: 0, Time elapsed: 0.005 s <<< FAILURE! - in starter.stepdefinitions.CucumberTestSuite
initializationError(starter.stepdefinitions.CucumberTestSuite)  Time elapsed: 0.005 s  <<< ERROR!
java.lang.NoClassDefFoundError: cucumber/runtime/io/ResourceLoader
Caused by: java.lang.ClassNotFoundException: cucumber.runtime.io.ResourceLoader

