<?xml version="1.0" encoding="UTF-8"?>
<testsuite xmlns:xsi="http://www.w3.org/2001/XMLSchema-instance" xsi:noNamespaceSchemaLocation="https://maven.apache.org/surefire/maven-failsafe-plugin/xsd/failsafe-test-report.xsd" name="starter.stepdefinitions.CucumberTestSuite" time="0.005" tests="1" errors="1" skipped="0" failures="0">
  <properties>
[...]
</properties>
  <testcase name="initializationError" classname="starter.stepdefinitions.CucumberTestSuite" time="0.005">
    <error message="cucumber/runtime/io/ResourceLoader" type="java.lang.NoClassDefFoundError">java.lang.NoClassDefFoundError: cucumber/runtime/io/ResourceLoader
Caused by: java.lang.ClassNotFoundException: cucumber.runtime.io.ResourceLoader
</error>
  </testcase>
</testsuite>